[12:44:16.234] Global cache location '/home/docker/.cache/typescript/3.7', safe file path '/usr/lib/node_modules/typescript/lib/typingSafeList.json', types map path /usr/lib/node_modules/typescript/lib/typesMap.json
[12:44:16.235] Processing cache location '/home/docker/.cache/typescript/3.7'
[12:44:16.235] Trying to find '/home/docker/.cache/typescript/3.7/package.json'...
[12:44:16.236] Loaded content of '/home/docker/.cache/typescript/3.7/package.json': {"private":true,"dependencies":{"types-registry":"^0.1.473"},"devDependencies":{"@types/async":"^3.0.3","@types/atob":"^2.1.2","@types/inherits":"0.0.30","@types/object-hash":"^1.3.0","@types/object-path":"^0.11.0","@types/react":"^16.9.17","@types/react-dom":"^16.9.4","@types/sprintf":"^0.1.0","@types/testing-library__react":"^9.1.2","@types/testing-library__user-event":"^4.1.1"}}
[12:44:16.236] Loaded content of '/home/docker/.cache/typescript/3.7/package-lock.json'
[12:44:16.249] Adding entry into typings cache: 'async' => '/home/docker/.cache/typescript/3.7/node_modules/@types/async/index.d.ts'
[12:44:16.255] Adding entry into typings cache: 'atob' => '/home/docker/.cache/typescript/3.7/node_modules/@types/atob/index.d.ts'
[12:44:16.260] Adding entry into typings cache: 'inherits' => '/home/docker/.cache/typescript/3.7/node_modules/@types/inherits/index.d.ts'
[12:44:16.266] Adding entry into typings cache: 'object-hash' => '/home/docker/.cache/typescript/3.7/node_modules/@types/object-hash/index.d.ts'
[12:44:16.271] Adding entry into typings cache: 'object-path' => '/home/docker/.cache/typescript/3.7/node_modules/@types/object-path/index.d.ts'
[12:44:16.278] Adding entry into typings cache: 'react' => '/home/docker/.cache/typescript/3.7/node_modules/@types/react/index.d.ts'
[12:44:16.286] Adding entry into typings cache: 'react-dom' => '/home/docker/.cache/typescript/3.7/node_modules/@types/react-dom/index.d.ts'
[12:44:16.289] Adding entry into typings cache: 'sprintf' => '/home/docker/.cache/typescript/3.7/node_modules/@types/sprintf/index.d.ts'
[12:44:16.294] Adding entry into typings cache: 'testing-library__react' => '/home/docker/.cache/typescript/3.7/node_modules/@types/testing-library__react/index.d.ts'
[12:44:16.298] Adding entry into typings cache: 'testing-library__user-event' => '/home/docker/.cache/typescript/3.7/node_modules/@types/testing-library__user-event/index.d.ts'
[12:44:16.298] Finished processing cache location '/home/docker/.cache/typescript/3.7'
[12:44:16.299] Process id: 1437
[12:44:16.299] NPM location: /usr/bin/npm (explicit '--npmLocation' not  provided)
[12:44:16.299] validateDefaultNpmLocation: false
[12:44:16.299] Npm config file: /home/docker/.cache/typescript/3.7/package.json
[12:44:16.299] Updating types-registry npm package...
[12:44:16.299] Exec: /usr/bin/npm install --ignore-scripts types-registry@latest
[12:44:17.597]     Succeeded. stdout:
    + types-registry@0.1.473
    updated 1 package and audited 37 packages in 0.718s
found 0 vulnerabilities


[12:44:17.597] Updated types-registry npm package
[12:44:20.291] Got install request {"projectName":"/dev/null/inferredProject1*","fileNames":["/usr/lib/node_modules/typescript/lib/lib.d.ts","/usr/lib/node_modules/typescript/lib/lib.es5.d.ts","/usr/lib/node_modules/typescript/lib/lib.dom.d.ts","/usr/lib/node_modules/typescript/lib/lib.webworker.importscripts.d.ts","/usr/lib/node_modules/typescript/lib/lib.scripthost.d.ts","/emacsDocuments/routerapp/src/App.js"],"compilerOptions":{"target":1,"jsx":1,"allowNonTsExtensions":true,"allowJs":true,"noEmitForJsFiles":true,"maxNodeModuleJsDepth":2},"typeAcquisition":{"enable":true,"include":[],"exclude":[]},"unresolvedImports":[],"projectRootPath":"/emacsDocuments/routerapp/src","kind":"discover"}
[12:44:20.331] Loaded safelist from types map file '/usr/lib/node_modules/typescript/lib/typesMap.json'
[12:44:20.332] Explicitly included types: []
[12:44:20.333] Inferred typings from unresolved imports: []
[12:44:20.334] Result: {"cachedTypingPaths":[],"newTypingNames":[],"filesToWatch":["/emacsDocuments/routerapp/src/bower_components","/emacsDocuments/routerapp/src/node_modules"]}
[12:44:20.334] Finished typings discovery: {"cachedTypingPaths":[],"newTypingNames":[],"filesToWatch":["/emacsDocuments/routerapp/src/bower_components","/emacsDocuments/routerapp/src/node_modules"]}
[12:44:20.334] DirectoryWatcher:: Added:: WatchInfo: /emacsDocuments/routerapp/src/bower_components
[12:44:20.336] DirectoryWatcher:: Added:: WatchInfo: /emacsDocuments/routerapp/src/node_modules
[12:44:20.337] Sending response:
    {"projectName":"/dev/null/inferredProject1*","typeAcquisition":{"enable":true,"include":[],"exclude":[]},"compilerOptions":{"target":1,"jsx":1,"allowNonTsExtensions":true,"allowJs":true,"noEmitForJsFiles":true,"maxNodeModuleJsDepth":2},"typings":[],"unresolvedImports":[],"kind":"action::set"}
[12:44:20.337] Response has been sent.
[12:44:20.337] No new typings were requested as a result of typings discovery
[12:45:2.542] Got install request {"projectName":"/dev/null/inferredProject1*","fileNames":["/usr/lib/node_modules/typescript/lib/lib.d.ts","/usr/lib/node_modules/typescript/lib/lib.es5.d.ts","/usr/lib/node_modules/typescript/lib/lib.dom.d.ts","/usr/lib/node_modules/typescript/lib/lib.webworker.importscripts.d.ts","/usr/lib/node_modules/typescript/lib/lib.scripthost.d.ts","/emacsDocuments/routerapp/src/App.js"],"compilerOptions":{"target":1,"jsx":1,"allowNonTsExtensions":true,"allowJs":true,"noEmitForJsFiles":true,"maxNodeModuleJsDepth":2},"typeAcquisition":{"enable":true,"include":[],"exclude":[]},"unresolvedImports":["r"],"projectRootPath":"/emacsDocuments/routerapp/src","kind":"discover"}
[12:45:2.542] Explicitly included types: []
[12:45:2.543] Inferred typings from unresolved imports: ["r"]
[12:45:2.543] Result: {"cachedTypingPaths":[],"newTypingNames":["r"],"filesToWatch":["/emacsDocuments/routerapp/src/bower_components","/emacsDocuments/routerapp/src/node_modules"]}
[12:45:2.543] Finished typings discovery: {"cachedTypingPaths":[],"newTypingNames":["r"],"filesToWatch":["/emacsDocuments/routerapp/src/bower_components","/emacsDocuments/routerapp/src/node_modules"]}
[12:45:2.544] Installing typings ["r"]
[12:45:2.544] 'r':: Entry for package 'r' does not exist in local types registry - skipping...
[12:45:2.544] All typings are known to be missing or invalid - no need to install more typings
[12:45:2.544] Sending response:
    {"projectName":"/dev/null/inferredProject1*","typeAcquisition":{"enable":true,"include":[],"exclude":[]},"compilerOptions":{"target":1,"jsx":1,"allowNonTsExtensions":true,"allowJs":true,"noEmitForJsFiles":true,"maxNodeModuleJsDepth":2},"typings":[],"unresolvedImports":["r"],"kind":"action::set"}
[12:45:2.544] Response has been sent.
[12:45:2.545] Got install request {"projectName":"/dev/null/inferredProject1*","fileNames":["/usr/lib/node_modules/typescript/lib/lib.d.ts","/usr/lib/node_modules/typescript/lib/lib.es5.d.ts","/usr/lib/node_modules/typescript/lib/lib.dom.d.ts","/usr/lib/node_modules/typescript/lib/lib.webworker.importscripts.d.ts","/usr/lib/node_modules/typescript/lib/lib.scripthost.d.ts","/emacsDocuments/routerapp/src/App.js"],"compilerOptions":{"target":1,"jsx":1,"allowNonTsExtensions":true,"allowJs":true,"noEmitForJsFiles":true,"maxNodeModuleJsDepth":2},"typeAcquisition":{"enable":true,"include":[],"exclude":[]},"unresolvedImports":["re"],"projectRootPath":"/emacsDocuments/routerapp/src","kind":"discover"}
[12:45:2.545] Explicitly included types: []
[12:45:2.545] Inferred typings from unresolved imports: ["re"]
[12:45:2.545] Result: {"cachedTypingPaths":[],"newTypingNames":["re"],"filesToWatch":["/emacsDocuments/routerapp/src/bower_components","/emacsDocuments/routerapp/src/node_modules"]}
[12:45:2.545] Finished typings discovery: {"cachedTypingPaths":[],"newTypingNames":["re"],"filesToWatch":["/emacsDocuments/routerapp/src/bower_components","/emacsDocuments/routerapp/src/node_modules"]}
[12:45:2.548] Installing typings ["re"]
[12:45:2.548] 're':: Entry for package 're' does not exist in local types registry - skipping...
[12:45:2.548] All typings are known to be missing or invalid - no need to install more typings
[12:45:2.548] Sending response:
    {"projectName":"/dev/null/inferredProject1*","typeAcquisition":{"enable":true,"include":[],"exclude":[]},"compilerOptions":{"target":1,"jsx":1,"allowNonTsExtensions":true,"allowJs":true,"noEmitForJsFiles":true,"maxNodeModuleJsDepth":2},"typings":[],"unresolvedImports":["re"],"kind":"action::set"}
[12:45:2.548] Response has been sent.
[12:45:2.548] Got install request {"projectName":"/dev/null/inferredProject1*","fileNames":["/usr/lib/node_modules/typescript/lib/lib.d.ts","/usr/lib/node_modules/typescript/lib/lib.es5.d.ts","/usr/lib/node_modules/typescript/lib/lib.dom.d.ts","/usr/lib/node_modules/typescript/lib/lib.webworker.importscripts.d.ts","/usr/lib/node_modules/typescript/lib/lib.scripthost.d.ts","/emacsDocuments/routerapp/src/App.js"],"compilerOptions":{"target":1,"jsx":1,"allowNonTsExtensions":true,"allowJs":true,"noEmitForJsFiles":true,"maxNodeModuleJsDepth":2},"typeAcquisition":{"enable":true,"include":[],"exclude":[]},"unresolvedImports":["rea"],"projectRootPath":"/emacsDocuments/routerapp/src","kind":"discover"}
[12:45:2.548] Explicitly included types: []
[12:45:2.549] Inferred typings from unresolved imports: ["rea"]
[12:45:2.549] Result: {"cachedTypingPaths":[],"newTypingNames":["rea"],"filesToWatch":["/emacsDocuments/routerapp/src/bower_components","/emacsDocuments/routerapp/src/node_modules"]}
[12:45:2.549] Finished typings discovery: {"cachedTypingPaths":[],"newTypingNames":["rea"],"filesToWatch":["/emacsDocuments/routerapp/src/bower_components","/emacsDocuments/routerapp/src/node_modules"]}
[12:45:2.549] Installing typings ["rea"]
[12:45:2.549] 'rea':: Entry for package 'rea' does not exist in local types registry - skipping...
[12:45:2.549] All typings are known to be missing or invalid - no need to install more typings
[12:45:2.549] Sending response:
    {"projectName":"/dev/null/inferredProject1*","typeAcquisition":{"enable":true,"include":[],"exclude":[]},"compilerOptions":{"target":1,"jsx":1,"allowNonTsExtensions":true,"allowJs":true,"noEmitForJsFiles":true,"maxNodeModuleJsDepth":2},"typings":[],"unresolvedImports":["rea"],"kind":"action::set"}
[12:45:2.549] Response has been sent.
[12:45:2.550] Got install request {"projectName":"/dev/null/inferredProject1*","fileNames":["/usr/lib/node_modules/typescript/lib/lib.d.ts","/usr/lib/node_modules/typescript/lib/lib.es5.d.ts","/usr/lib/node_modules/typescript/lib/lib.dom.d.ts","/usr/lib/node_modules/typescript/lib/lib.webworker.importscripts.d.ts","/usr/lib/node_modules/typescript/lib/lib.scripthost.d.ts","/emacsDocuments/routerapp/src/App.js"],"compilerOptions":{"target":1,"jsx":1,"allowNonTsExtensions":true,"allowJs":true,"noEmitForJsFiles":true,"maxNodeModuleJsDepth":2},"typeAcquisition":{"enable":true,"include":[],"exclude":[]},"unresolvedImports":["reac"],"projectRootPath":"/emacsDocuments/routerapp/src","kind":"discover"}
[12:45:2.550] Explicitly included types: []
[12:45:2.550] Inferred typings from unresolved imports: ["reac"]
[12:45:2.550] Result: {"cachedTypingPaths":[],"newTypingNames":["reac"],"filesToWatch":["/emacsDocuments/routerapp/src/bower_components","/emacsDocuments/routerapp/src/node_modules"]}
[12:45:2.550] Finished typings discovery: {"cachedTypingPaths":[],"newTypingNames":["reac"],"filesToWatch":["/emacsDocuments/routerapp/src/bower_components","/emacsDocuments/routerapp/src/node_modules"]}
[12:45:2.550] Installing typings ["reac"]
[12:45:2.551] 'reac':: Entry for package 'reac' does not exist in local types registry - skipping...
[12:45:2.551] All typings are known to be missing or invalid - no need to install more typings
[12:45:2.551] Sending response:
    {"projectName":"/dev/null/inferredProject1*","typeAcquisition":{"enable":true,"include":[],"exclude":[]},"compilerOptions":{"target":1,"jsx":1,"allowNonTsExtensions":true,"allowJs":true,"noEmitForJsFiles":true,"maxNodeModuleJsDepth":2},"typings":[],"unresolvedImports":["reac"],"kind":"action::set"}
[12:45:2.551] Response has been sent.
[12:45:2.551] Got install request {"projectName":"/dev/null/inferredProject1*","fileNames":["/usr/lib/node_modules/typescript/lib/lib.d.ts","/usr/lib/node_modules/typescript/lib/lib.es5.d.ts","/usr/lib/node_modules/typescript/lib/lib.dom.d.ts","/usr/lib/node_modules/typescript/lib/lib.webworker.importscripts.d.ts","/usr/lib/node_modules/typescript/lib/lib.scripthost.d.ts","/emacsDocuments/routerapp/src/App.js"],"compilerOptions":{"target":1,"jsx":1,"allowNonTsExtensions":true,"allowJs":true,"noEmitForJsFiles":true,"maxNodeModuleJsDepth":2},"typeAcquisition":{"enable":true,"include":[],"exclude":[]},"unresolvedImports":["react-r"],"projectRootPath":"/emacsDocuments/routerapp/src","kind":"discover"}
[12:45:2.551] Explicitly included types: []
[12:45:2.551] Inferred typings from unresolved imports: ["react-r"]
[12:45:2.552] Result: {"cachedTypingPaths":[],"newTypingNames":["react-r"],"filesToWatch":["/emacsDocuments/routerapp/src/bower_components","/emacsDocuments/routerapp/src/node_modules"]}
[12:45:2.552] Finished typings discovery: {"cachedTypingPaths":[],"newTypingNames":["react-r"],"filesToWatch":["/emacsDocuments/routerapp/src/bower_components","/emacsDocuments/routerapp/src/node_modules"]}
[12:45:2.552] Installing typings ["react-r"]
[12:45:2.552] 'react-r':: Entry for package 'react-r' does not exist in local types registry - skipping...
[12:45:2.552] All typings are known to be missing or invalid - no need to install more typings
[12:45:2.552] Sending response:
    {"projectName":"/dev/null/inferredProject1*","typeAcquisition":{"enable":true,"include":[],"exclude":[]},"compilerOptions":{"target":1,"jsx":1,"allowNonTsExtensions":true,"allowJs":true,"noEmitForJsFiles":true,"maxNodeModuleJsDepth":2},"typings":[],"unresolvedImports":["react-r"],"kind":"action::set"}
[12:45:2.552] Response has been sent.
[12:45:2.552] Got install request {"projectName":"/dev/null/inferredProject1*","fileNames":["/usr/lib/node_modules/typescript/lib/lib.d.ts","/usr/lib/node_modules/typescript/lib/lib.es5.d.ts","/usr/lib/node_modules/typescript/lib/lib.dom.d.ts","/usr/lib/node_modules/typescript/lib/lib.webworker.importscripts.d.ts","/usr/lib/node_modules/typescript/lib/lib.scripthost.d.ts","/emacsDocuments/routerapp/src/App.js"],"compilerOptions":{"target":1,"jsx":1,"allowNonTsExtensions":true,"allowJs":true,"noEmitForJsFiles":true,"maxNodeModuleJsDepth":2},"typeAcquisition":{"enable":true,"include":[],"exclude":[]},"unresolvedImports":["react-ro"],"projectRootPath":"/emacsDocuments/routerapp/src","kind":"discover"}
[12:45:2.552] Explicitly included types: []
[12:45:2.553] Inferred typings from unresolved imports: ["react-ro"]
[12:45:2.553] Result: {"cachedTypingPaths":[],"newTypingNames":["react-ro"],"filesToWatch":["/emacsDocuments/routerapp/src/bower_components","/emacsDocuments/routerapp/src/node_modules"]}
[12:45:2.553] Finished typings discovery: {"cachedTypingPaths":[],"newTypingNames":["react-ro"],"filesToWatch":["/emacsDocuments/routerapp/src/bower_components","/emacsDocuments/routerapp/src/node_modules"]}
[12:45:2.553] Installing typings ["react-ro"]
[12:45:2.553] 'react-ro':: Entry for package 'react-ro' does not exist in local types registry - skipping...
[12:45:2.553] All typings are known to be missing or invalid - no need to install more typings
[12:45:2.553] Sending response:
    {"projectName":"/dev/null/inferredProject1*","typeAcquisition":{"enable":true,"include":[],"exclude":[]},"compilerOptions":{"target":1,"jsx":1,"allowNonTsExtensions":true,"allowJs":true,"noEmitForJsFiles":true,"maxNodeModuleJsDepth":2},"typings":[],"unresolvedImports":["react-ro"],"kind":"action::set"}
[12:45:2.553] Response has been sent.
[12:45:2.553] Got install request {"projectName":"/dev/null/inferredProject1*","fileNames":["/usr/lib/node_modules/typescript/lib/lib.d.ts","/usr/lib/node_modules/typescript/lib/lib.es5.d.ts","/usr/lib/node_modules/typescript/lib/lib.dom.d.ts","/usr/lib/node_modules/typescript/lib/lib.webworker.importscripts.d.ts","/usr/lib/node_modules/typescript/lib/lib.scripthost.d.ts","/emacsDocuments/routerapp/src/App.js"],"compilerOptions":{"target":1,"jsx":1,"allowNonTsExtensions":true,"allowJs":true,"noEmitForJsFiles":true,"maxNodeModuleJsDepth":2},"typeAcquisition":{"enable":true,"include":[],"exclude":[]},"unresolvedImports":["react-rou"],"projectRootPath":"/emacsDocuments/routerapp/src","kind":"discover"}
[12:45:2.554] Explicitly included types: []
[12:45:2.554] Inferred typings from unresolved imports: ["react-rou"]
[12:45:2.554] Result: {"cachedTypingPaths":[],"newTypingNames":["react-rou"],"filesToWatch":["/emacsDocuments/routerapp/src/bower_components","/emacsDocuments/routerapp/src/node_modules"]}
[12:45:2.554] Finished typings discovery: {"cachedTypingPaths":[],"newTypingNames":["react-rou"],"filesToWatch":["/emacsDocuments/routerapp/src/bower_components","/emacsDocuments/routerapp/src/node_modules"]}
[12:45:2.554] Installing typings ["react-rou"]
[12:45:2.554] 'react-rou':: Entry for package 'react-rou' does not exist in local types registry - skipping...
[12:45:2.554] All typings are known to be missing or invalid - no need to install more typings
[12:45:2.555] Sending response:
    {"projectName":"/dev/null/inferredProject1*","typeAcquisition":{"enable":true,"include":[],"exclude":[]},"compilerOptions":{"target":1,"jsx":1,"allowNonTsExtensions":true,"allowJs":true,"noEmitForJsFiles":true,"maxNodeModuleJsDepth":2},"typings":[],"unresolvedImports":["react-rou"],"kind":"action::set"}
[12:45:2.555] Response has been sent.
[12:45:2.555] Got install request {"projectName":"/dev/null/inferredProject1*","fileNames":["/usr/lib/node_modules/typescript/lib/lib.d.ts","/usr/lib/node_modules/typescript/lib/lib.es5.d.ts","/usr/lib/node_modules/typescript/lib/lib.dom.d.ts","/usr/lib/node_modules/typescript/lib/lib.webworker.importscripts.d.ts","/usr/lib/node_modules/typescript/lib/lib.scripthost.d.ts","/emacsDocuments/routerapp/src/App.js"],"compilerOptions":{"target":1,"jsx":1,"allowNonTsExtensions":true,"allowJs":true,"noEmitForJsFiles":true,"maxNodeModuleJsDepth":2},"typeAcquisition":{"enable":true,"include":[],"exclude":[]},"unresolvedImports":["react-rout"],"projectRootPath":"/emacsDocuments/routerapp/src","kind":"discover"}
[12:45:2.555] Explicitly included types: []
[12:45:2.555] Inferred typings from unresolved imports: ["react-rout"]
[12:45:2.555] Result: {"cachedTypingPaths":[],"newTypingNames":["react-rout"],"filesToWatch":["/emacsDocuments/routerapp/src/bower_components","/emacsDocuments/routerapp/src/node_modules"]}
[12:45:2.556] Finished typings discovery: {"cachedTypingPaths":[],"newTypingNames":["react-rout"],"filesToWatch":["/emacsDocuments/routerapp/src/bower_components","/emacsDocuments/routerapp/src/node_modules"]}
[12:45:2.556] Installing typings ["react-rout"]
[12:45:2.556] 'react-rout':: Entry for package 'react-rout' does not exist in local types registry - skipping...
[12:45:2.556] All typings are known to be missing or invalid - no need to install more typings
[12:45:2.556] Sending response:
    {"projectName":"/dev/null/inferredProject1*","typeAcquisition":{"enable":true,"include":[],"exclude":[]},"compilerOptions":{"target":1,"jsx":1,"allowNonTsExtensions":true,"allowJs":true,"noEmitForJsFiles":true,"maxNodeModuleJsDepth":2},"typings":[],"unresolvedImports":["react-rout"],"kind":"action::set"}
[12:45:2.556] Response has been sent.
[12:45:2.556] Got install request {"projectName":"/dev/null/inferredProject1*","fileNames":["/usr/lib/node_modules/typescript/lib/lib.d.ts","/usr/lib/node_modules/typescript/lib/lib.es5.d.ts","/usr/lib/node_modules/typescript/lib/lib.dom.d.ts","/usr/lib/node_modules/typescript/lib/lib.webworker.importscripts.d.ts","/usr/lib/node_modules/typescript/lib/lib.scripthost.d.ts","/emacsDocuments/routerapp/src/App.js"],"compilerOptions":{"target":1,"jsx":1,"allowNonTsExtensions":true,"allowJs":true,"noEmitForJsFiles":true,"maxNodeModuleJsDepth":2},"typeAcquisition":{"enable":true,"include":[],"exclude":[]},"unresolvedImports":["react-route"],"projectRootPath":"/emacsDocuments/routerapp/src","kind":"discover"}
[12:45:2.556] Explicitly included types: []
[12:45:2.557] Inferred typings from unresolved imports: ["react-route"]
[12:45:2.557] Result: {"cachedTypingPaths":[],"newTypingNames":["react-route"],"filesToWatch":["/emacsDocuments/routerapp/src/bower_components","/emacsDocuments/routerapp/src/node_modules"]}
[12:45:2.557] Finished typings discovery: {"cachedTypingPaths":[],"newTypingNames":["react-route"],"filesToWatch":["/emacsDocuments/routerapp/src/bower_components","/emacsDocuments/routerapp/src/node_modules"]}
[12:45:2.557] Installing typings ["react-route"]
[12:45:2.557] 'react-route':: Entry for package 'react-route' does not exist in local types registry - skipping...
[12:45:2.557] All typings are known to be missing or invalid - no need to install more typings
[12:45:2.557] Sending response:
    {"projectName":"/dev/null/inferredProject1*","typeAcquisition":{"enable":true,"include":[],"exclude":[]},"compilerOptions":{"target":1,"jsx":1,"allowNonTsExtensions":true,"allowJs":true,"noEmitForJsFiles":true,"maxNodeModuleJsDepth":2},"typings":[],"unresolvedImports":["react-route"],"kind":"action::set"}
[12:45:2.557] Response has been sent.
[12:45:2.557] Got install request {"projectName":"/dev/null/inferredProject1*","fileNames":["/usr/lib/node_modules/typescript/lib/lib.d.ts","/usr/lib/node_modules/typescript/lib/lib.es5.d.ts","/usr/lib/node_modules/typescript/lib/lib.dom.d.ts","/usr/lib/node_modules/typescript/lib/lib.webworker.importscripts.d.ts","/usr/lib/node_modules/typescript/lib/lib.scripthost.d.ts","/emacsDocuments/routerapp/src/App.js"],"compilerOptions":{"target":1,"jsx":1,"allowNonTsExtensions":true,"allowJs":true,"noEmitForJsFiles":true,"maxNodeModuleJsDepth":2},"typeAcquisition":{"enable":true,"include":[],"exclude":[]},"unresolvedImports":["history","hoist-non-react-statics","react-is","react-router"],"projectRootPath":"/emacsDocuments/routerapp/src","kind":"discover"}
[12:45:2.558] Explicitly included types: []
[12:45:2.558] Inferred typings from unresolved imports: ["history","hoist-non-react-statics","react-is","react-router"]
[12:45:2.558] Result: {"cachedTypingPaths":[],"newTypingNames":["history","hoist-non-react-statics","react-is","react-router"],"filesToWatch":["/emacsDocuments/routerapp/src/bower_components","/emacsDocuments/routerapp/src/node_modules"]}
[12:45:2.558] Finished typings discovery: {"cachedTypingPaths":[],"newTypingNames":["history","hoist-non-react-statics","react-is","react-router"],"filesToWatch":["/emacsDocuments/routerapp/src/bower_components","/emacsDocuments/routerapp/src/node_modules"]}
[12:45:2.559] Installing typings ["history","hoist-non-react-statics","react-is","react-router"]
[12:45:2.559] Npm config file: /home/docker/.cache/typescript/3.7/package.json
[12:45:2.559] Sending response:
    {"kind":"event::beginInstallTypes","eventId":1,"typingsInstallerVersion":"3.7.4","projectName":"/dev/null/inferredProject1*"}
[12:45:2.559] Response has been sent.
[12:45:2.559] #1 with arguments'["@types/history@ts3.7","@types/hoist-non-react-statics@ts3.7","@types/react-is@ts3.7","@types/react-router@ts3.7"]'.
[12:45:2.560] Exec: /usr/bin/npm install --ignore-scripts @types/history@ts3.7 @types/hoist-non-react-statics@ts3.7 @types/react-is@ts3.7 @types/react-router@ts3.7 --save-dev --user-agent="typesInstaller/3.7.4"
[12:45:3.880]     Succeeded. stdout:
    + @types/hoist-non-react-statics@3.3.1
    + @types/react-router@5.1.4
+ @types/react-is@16.7.1
+ @types/history@4.7.3
added 5 packages from 27 contributors and audited 53 packages in 0.738s
found 0 vulnerabilities


[12:45:3.880] npm install #1 took: 1320 ms
[12:45:3.880] Installed typings ["@types/history@ts3.7","@types/hoist-non-react-statics@ts3.7","@types/react-is@ts3.7","@types/react-router@ts3.7"]
[12:45:3.902] Installed typing files ["/home/docker/.cache/typescript/3.7/node_modules/@types/history/index.d.ts","/home/docker/.cache/typescript/3.7/node_modules/@types/hoist-non-react-statics/index.d.ts","/home/docker/.cache/typescript/3.7/node_modules/@types/react-is/index.d.ts","/home/docker/.cache/typescript/3.7/node_modules/@types/react-router/index.d.ts"]
[12:45:3.903] Sending response:
    {"projectName":"/dev/null/inferredProject1*","typeAcquisition":{"enable":true,"include":[],"exclude":[]},"compilerOptions":{"target":1,"jsx":1,"allowNonTsExtensions":true,"allowJs":true,"noEmitForJsFiles":true,"maxNodeModuleJsDepth":2},"typings":["/home/docker/.cache/typescript/3.7/node_modules/@types/history/index.d.ts","/home/docker/.cache/typescript/3.7/node_modules/@types/hoist-non-react-statics/index.d.ts","/home/docker/.cache/typescript/3.7/node_modules/@types/react-is/index.d.ts","/home/docker/.cache/typescript/3.7/node_modules/@types/react-router/index.d.ts"],"unresolvedImports":["history","hoist-non-react-statics","react-is","react-router"],"kind":"action::set"}
[12:45:3.903] Response has been sent.
[12:45:3.903] Sending response:
    {"kind":"event::endInstallTypes","eventId":1,"projectName":"/dev/null/inferredProject1*","packagesToInstall":["@types/history@ts3.7","@types/hoist-non-react-statics@ts3.7","@types/react-is@ts3.7","@types/react-router@ts3.7"],"installSuccess":true,"typingsInstallerVersion":"3.7.4"}
[12:45:3.903] Response has been sent.
[12:45:3.903] Got install request {"projectName":"/dev/null/inferredProject1*","fileNames":["/usr/lib/node_modules/typescript/lib/lib.d.ts","/usr/lib/node_modules/typescript/lib/lib.es5.d.ts","/usr/lib/node_modules/typescript/lib/lib.dom.d.ts","/usr/lib/node_modules/typescript/lib/lib.webworker.importscripts.d.ts","/usr/lib/node_modules/typescript/lib/lib.scripthost.d.ts","/emacsDocuments/routerapp/src/App.js"],"compilerOptions":{"target":1,"jsx":1,"allowNonTsExtensions":true,"allowJs":true,"noEmitForJsFiles":true,"maxNodeModuleJsDepth":2},"typeAcquisition":{"enable":true,"include":[],"exclude":[]},"unresolvedImports":["history","react-router","react-router-dom"],"projectRootPath":"/emacsDocuments/routerapp/src","kind":"discover"}
[12:45:3.903] Explicitly included types: []
[12:45:3.904] Inferred typings from unresolved imports: ["history","react-router","react-router-dom"]
[12:45:3.904] Result: {"cachedTypingPaths":["/home/docker/.cache/typescript/3.7/node_modules/@types/history/index.d.ts","/home/docker/.cache/typescript/3.7/node_modules/@types/react-router/index.d.ts"],"newTypingNames":["react-router-dom"],"filesToWatch":["/emacsDocuments/routerapp/src/bower_components","/emacsDocuments/routerapp/src/node_modules"]}
[12:45:3.904] Finished typings discovery: {"cachedTypingPaths":["/home/docker/.cache/typescript/3.7/node_modules/@types/history/index.d.ts","/home/docker/.cache/typescript/3.7/node_modules/@types/react-router/index.d.ts"],"newTypingNames":["react-router-dom"],"filesToWatch":["/emacsDocuments/routerapp/src/bower_components","/emacsDocuments/routerapp/src/node_modules"]}
[12:45:3.904] Installing typings ["react-router-dom"]
[12:45:3.904] Npm config file: /home/docker/.cache/typescript/3.7/package.json
[12:45:3.904] Sending response:
    {"kind":"event::beginInstallTypes","eventId":2,"typingsInstallerVersion":"3.7.4","projectName":"/dev/null/inferredProject1*"}
[12:45:3.904] Response has been sent.
[12:45:3.904] #2 with arguments'["@types/react-router-dom@ts3.7"]'.
[12:45:3.904] Exec: /usr/bin/npm install --ignore-scripts @types/react-router-dom@ts3.7 --save-dev --user-agent="typesInstaller/3.7.4"
[12:45:5.156]     Succeeded. stdout:
    + @types/react-router-dom@5.1.3
    added 1 package from 6 contributors and audited 63 packages in 0.701s
found 0 vulnerabilities


[12:45:5.156] npm install #2 took: 1252 ms
[12:45:5.156] Installed typings ["@types/react-router-dom@ts3.7"]
[12:45:5.160] Installed typing files ["/home/docker/.cache/typescript/3.7/node_modules/@types/react-router-dom/index.d.ts"]
[12:45:5.160] Sending response:
    {"projectName":"/dev/null/inferredProject1*","typeAcquisition":{"enable":true,"include":[],"exclude":[]},"compilerOptions":{"target":1,"jsx":1,"allowNonTsExtensions":true,"allowJs":true,"noEmitForJsFiles":true,"maxNodeModuleJsDepth":2},"typings":["/home/docker/.cache/typescript/3.7/node_modules/@types/history/index.d.ts","/home/docker/.cache/typescript/3.7/node_modules/@types/react-router/index.d.ts","/home/docker/.cache/typescript/3.7/node_modules/@types/react-router-dom/index.d.ts"],"unresolvedImports":["history","react-router","react-router-dom"],"kind":"action::set"}
[12:45:5.160] Response has been sent.
[12:45:5.160] Sending response:
    {"kind":"event::endInstallTypes","eventId":2,"projectName":"/dev/null/inferredProject1*","packagesToInstall":["@types/react-router-dom@ts3.7"],"installSuccess":true,"typingsInstallerVersion":"3.7.4"}
[12:45:5.160] Response has been sent.
[12:45:5.160] Got install request {"projectName":"/dev/null/inferredProject1*","fileNames":["/usr/lib/node_modules/typescript/lib/lib.d.ts","/usr/lib/node_modules/typescript/lib/lib.es5.d.ts","/usr/lib/node_modules/typescript/lib/lib.dom.d.ts","/usr/lib/node_modules/typescript/lib/lib.webworker.importscripts.d.ts","/usr/lib/node_modules/typescript/lib/lib.scripthost.d.ts","/emacsDocuments/routerapp/src/App.js"],"compilerOptions":{"target":1,"jsx":1,"allowNonTsExtensions":true,"allowJs":true,"noEmitForJsFiles":true,"maxNodeModuleJsDepth":2},"typeAcquisition":{"enable":true,"include":[],"exclude":[]},"unresolvedImports":["history","react-router","react-router-dom"],"projectRootPath":"/emacsDocuments/routerapp/src","kind":"discover"}
[12:45:5.161] Explicitly included types: []
[12:45:5.161] Inferred typings from unresolved imports: ["history","react-router","react-router-dom"]
[12:45:5.161] Result: {"cachedTypingPaths":["/home/docker/.cache/typescript/3.7/node_modules/@types/history/index.d.ts","/home/docker/.cache/typescript/3.7/node_modules/@types/react-router/index.d.ts","/home/docker/.cache/typescript/3.7/node_modules/@types/react-router-dom/index.d.ts"],"newTypingNames":[],"filesToWatch":["/emacsDocuments/routerapp/src/bower_components","/emacsDocuments/routerapp/src/node_modules"]}
[12:45:5.161] Finished typings discovery: {"cachedTypingPaths":["/home/docker/.cache/typescript/3.7/node_modules/@types/history/index.d.ts","/home/docker/.cache/typescript/3.7/node_modules/@types/react-router/index.d.ts","/home/docker/.cache/typescript/3.7/node_modules/@types/react-router-dom/index.d.ts"],"newTypingNames":[],"filesToWatch":["/emacsDocuments/routerapp/src/bower_components","/emacsDocuments/routerapp/src/node_modules"]}
[12:45:5.161] Sending response:
    {"projectName":"/dev/null/inferredProject1*","typeAcquisition":{"enable":true,"include":[],"exclude":[]},"compilerOptions":{"target":1,"jsx":1,"allowNonTsExtensions":true,"allowJs":true,"noEmitForJsFiles":true,"maxNodeModuleJsDepth":2},"typings":["/home/docker/.cache/typescript/3.7/node_modules/@types/history/index.d.ts","/home/docker/.cache/typescript/3.7/node_modules/@types/react-router/index.d.ts","/home/docker/.cache/typescript/3.7/node_modules/@types/react-router-dom/index.d.ts"],"unresolvedImports":["history","react-router","react-router-dom"],"kind":"action::set"}
[12:45:5.161] Response has been sent.
[12:45:5.161] No new typings were requested as a result of typings discovery
[12:45:5.161] Got install request {"projectName":"/dev/null/inferredProject1*","fileNames":["/usr/lib/node_modules/typescript/lib/lib.d.ts","/usr/lib/node_modules/typescript/lib/lib.es5.d.ts","/usr/lib/node_modules/typescript/lib/lib.dom.d.ts","/usr/lib/node_modules/typescript/lib/lib.webworker.importscripts.d.ts","/usr/lib/node_modules/typescript/lib/lib.scripthost.d.ts","/home/docker/.cache/typescript/3.7/node_modules/@types/history/index.d.ts","/home/docker/.cache/typescript/3.7/node_modules/@types/react-router/index.d.ts","/emacsDocuments/routerapp/src/App.js","/home/docker/.cache/typescript/3.7/node_modules/@types/hoist-non-react-statics/index.d.ts","/home/docker/.cache/typescript/3.7/node_modules/@types/react-is/index.d.ts"],"compilerOptions":{"target":1,"jsx":1,"allowNonTsExtensions":true,"allowJs":true,"noEmitForJsFiles":true,"maxNodeModuleJsDepth":2},"typeAcquisition":{"enable":true,"include":[],"exclude":[]},"unresolvedImports":["react-router-dom"],"projectRootPath":"/emacsDocuments/routerapp/src","kind":"discover"}
[12:45:5.162] Explicitly included types: []
[12:45:5.162] Inferred typings from unresolved imports: ["react-router-dom"]
[12:45:5.162] Result: {"cachedTypingPaths":["/home/docker/.cache/typescript/3.7/node_modules/@types/react-router-dom/index.d.ts"],"newTypingNames":[],"filesToWatch":["/emacsDocuments/routerapp/src/bower_components","/emacsDocuments/routerapp/src/node_modules"]}
[12:45:5.162] Finished typings discovery: {"cachedTypingPaths":["/home/docker/.cache/typescript/3.7/node_modules/@types/react-router-dom/index.d.ts"],"newTypingNames":[],"filesToWatch":["/emacsDocuments/routerapp/src/bower_components","/emacsDocuments/routerapp/src/node_modules"]}
[12:45:5.162] Sending response:
    {"projectName":"/dev/null/inferredProject1*","typeAcquisition":{"enable":true,"include":[],"exclude":[]},"compilerOptions":{"target":1,"jsx":1,"allowNonTsExtensions":true,"allowJs":true,"noEmitForJsFiles":true,"maxNodeModuleJsDepth":2},"typings":["/home/docker/.cache/typescript/3.7/node_modules/@types/react-router-dom/index.d.ts"],"unresolvedImports":["react-router-dom"],"kind":"action::set"}
[12:45:5.162] Response has been sent.
[12:45:5.162] No new typings were requested as a result of typings discovery
[12:45:5.577] Got install request {"projectName":"/dev/null/inferredProject1*","fileNames":["/usr/lib/node_modules/typescript/lib/lib.d.ts","/usr/lib/node_modules/typescript/lib/lib.es5.d.ts","/usr/lib/node_modules/typescript/lib/lib.dom.d.ts","/usr/lib/node_modules/typescript/lib/lib.webworker.importscripts.d.ts","/usr/lib/node_modules/typescript/lib/lib.scripthost.d.ts","/home/docker/.cache/typescript/3.7/node_modules/@types/react-router-dom/index.d.ts","/emacsDocuments/routerapp/src/App.js"],"compilerOptions":{"target":1,"jsx":1,"allowNonTsExtensions":true,"allowJs":true,"noEmitForJsFiles":true,"maxNodeModuleJsDepth":2},"typeAcquisition":{"enable":true,"include":[],"exclude":[]},"unresolvedImports":[],"projectRootPath":"/emacsDocuments/routerapp/src","kind":"discover"}
[12:45:5.578] Explicitly included types: []
[12:45:5.578] Inferred typings from unresolved imports: []
[12:45:5.578] Result: {"cachedTypingPaths":[],"newTypingNames":[],"filesToWatch":["/emacsDocuments/routerapp/src/bower_components","/emacsDocuments/routerapp/src/node_modules"]}
[12:45:5.578] Finished typings discovery: {"cachedTypingPaths":[],"newTypingNames":[],"filesToWatch":["/emacsDocuments/routerapp/src/bower_components","/emacsDocuments/routerapp/src/node_modules"]}
[12:45:5.578] Sending response:
    {"projectName":"/dev/null/inferredProject1*","typeAcquisition":{"enable":true,"include":[],"exclude":[]},"compilerOptions":{"target":1,"jsx":1,"allowNonTsExtensions":true,"allowJs":true,"noEmitForJsFiles":true,"maxNodeModuleJsDepth":2},"typings":[],"unresolvedImports":[],"kind":"action::set"}
[12:45:5.578] Response has been sent.
[12:45:5.578] No new typings were requested as a result of typings discovery
[12:45:5.720] Got install request {"projectName":"/dev/null/inferredProject1*","fileNames":["/usr/lib/node_modules/typescript/lib/lib.d.ts","/usr/lib/node_modules/typescript/lib/lib.es5.d.ts","/usr/lib/node_modules/typescript/lib/lib.dom.d.ts","/usr/lib/node_modules/typescript/lib/lib.webworker.importscripts.d.ts","/usr/lib/node_modules/typescript/lib/lib.scripthost.d.ts","/emacsDocuments/routerapp/src/App.js"],"compilerOptions":{"target":1,"jsx":1,"allowNonTsExtensions":true,"allowJs":true,"noEmitForJsFiles":true,"maxNodeModuleJsDepth":2},"typeAcquisition":{"enable":true,"include":[],"exclude":[]},"unresolvedImports":[],"projectRootPath":"/emacsDocuments/routerapp/src","kind":"discover"}
[12:45:5.721] Explicitly included types: []
[12:45:5.721] Inferred typings from unresolved imports: []
[12:45:5.721] Result: {"cachedTypingPaths":[],"newTypingNames":[],"filesToWatch":["/emacsDocuments/routerapp/src/bower_components","/emacsDocuments/routerapp/src/node_modules"]}
[12:45:5.721] Finished typings discovery: {"cachedTypingPaths":[],"newTypingNames":[],"filesToWatch":["/emacsDocuments/routerapp/src/bower_components","/emacsDocuments/routerapp/src/node_modules"]}
[12:45:5.721] Sending response:
    {"projectName":"/dev/null/inferredProject1*","typeAcquisition":{"enable":true,"include":[],"exclude":[]},"compilerOptions":{"target":1,"jsx":1,"allowNonTsExtensions":true,"allowJs":true,"noEmitForJsFiles":true,"maxNodeModuleJsDepth":2},"typings":[],"unresolvedImports":[],"kind":"action::set"}
[12:45:5.721] Response has been sent.
[12:45:5.721] No new typings were requested as a result of typings discovery
