Info 0    [15:1:51.67] Starting TS Server
Info 1    [15:1:51.67] Version: 3.7.4
Info 2    [15:1:51.67] Arguments: /usr/bin/node /usr/bin/tsserver --logFile /emacsDocuments/carfront/.log/tsserver.log --logVerbosity info --cancellationPipeName /tmp/d6fa6221428e5182d04facd3212f1bea/tscancellation*
Info 3    [15:1:51.67] Platform: linux NodeVersion: 13 CaseSensitive: true
Info 4    [15:1:51.85] Search path: /emacsDocuments/carfront/src
Info 5    [15:1:51.86] For info: /emacsDocuments/carfront/src/App.js :: No config files found.
Info 6    [15:1:51.92] Starting updateGraphWorker: Project: /dev/null/inferredProject1*
Info 7    [15:1:54.617] Finishing updateGraphWorker: Project: /dev/null/inferredProject1* Version: 1 structureChanged: true Elapsed: 3525ms
Info 8    [15:1:54.617] Project '/dev/null/inferredProject1*' (Inferred) 
Info 9    [15:1:54.617] 	Files (126)

Info 10   [15:1:54.617] -----------------------------------------------
Info 11   [15:1:55.221] Starting updateGraphWorker: Project: /dev/null/inferredProject1*
Info 12   [15:1:55.234] Finishing updateGraphWorker: Project: /dev/null/inferredProject1* Version: 2 structureChanged: false Elapsed: 13ms
Info 13   [15:1:55.235] Different program with same set of files:: oldProgram.structureIsReused:: 2
Info 14   [15:1:55.235] Structure before ensureProjectForOpenFiles:
Info 15   [15:1:55.235] Structure after ensureProjectForOpenFiles:
Info 16   [15:1:55.235] got projects updated in background, updating diagnostics for /emacsDocuments/carfront/src/App.js
Info 17   [15:1:58.463] Starting updateGraphWorker: Project: /dev/null/inferredProject1*
Info 18   [15:1:58.479] Finishing updateGraphWorker: Project: /dev/null/inferredProject1* Version: 3 structureChanged: false Elapsed: 16ms
Info 19   [15:1:58.479] Different program with same set of files:: oldProgram.structureIsReused:: 2
Info 20   [15:2:9.375] DirectoryWatcher:: Triggered with /emacsDocuments/carfront/src/.#App.js :: WatchInfo: /emacsDocuments/carfront/src 0 Project: /dev/null/inferredProject1* WatchType: Failed Lookup Locations
Info 21   [15:2:9.376] Elapsed:: 0ms DirectoryWatcher:: Triggered with /emacsDocuments/carfront/src/.#App.js :: WatchInfo: /emacsDocuments/carfront/src 0 Project: /dev/null/inferredProject1* WatchType: Failed Lookup Locations
Info 22   [15:2:9.578] Starting updateGraphWorker: Project: /dev/null/inferredProject1*
Info 23   [15:2:9.658] Finishing updateGraphWorker: Project: /dev/null/inferredProject1* Version: 4 structureChanged: true Elapsed: 80ms
Info 24   [15:2:9.658] Different program with same set of files:: oldProgram.structureIsReused:: 1
Info 25   [15:2:9.659] Starting updateGraphWorker: Project: /dev/null/inferredProject1*
Info 26   [15:2:9.669] Finishing updateGraphWorker: Project: /dev/null/inferredProject1* Version: 5 structureChanged: false Elapsed: 10ms
Info 27   [15:2:9.670] Different program with same set of files:: oldProgram.structureIsReused:: 2
Info 28   [15:2:14.447] Starting updateGraphWorker: Project: /dev/null/inferredProject1*
Info 29   [15:2:14.458] Finishing updateGraphWorker: Project: /dev/null/inferredProject1* Version: 6 structureChanged: false Elapsed: 11ms
Info 30   [15:2:14.458] Different program with same set of files:: oldProgram.structureIsReused:: 2
Info 31   [15:2:15.62] Starting updateGraphWorker: Project: /dev/null/inferredProject1*
Info 32   [15:2:15.74] Finishing updateGraphWorker: Project: /dev/null/inferredProject1* Version: 7 structureChanged: false Elapsed: 12ms
Info 33   [15:2:15.74] Different program with same set of files:: oldProgram.structureIsReused:: 2
Err 34    [15:2:15.94] Exception on executing command {"command":"quickinfo","seq":61,"type":"request","arguments":{"file":"/emacsDocuments/carfront/src/App.js","line":8,"offset":5}}:

    Debug Failure. False expression: `JsxText` tokens should not be the first child of `JsxElement | JsxSelfClosingElement`

    Error: Debug Failure. False expression: `JsxText` tokens should not be the first child of `JsxElement | JsxSelfClosingElement`
        at findRightmostChildNodeWithTokens (/usr/lib/node_modules/typescript/lib/tsserver.js:103088:26)
        at find (/usr/lib/node_modules/typescript/lib/tsserver.js:103065:29)
        at findPrecedingToken (/usr/lib/node_modules/typescript/lib/tsserver.js:103029:22)
        at getTokenAtPositionWorker (/usr/lib/node_modules/typescript/lib/tsserver.js:102979:41)
        at getTouchingToken (/usr/lib/node_modules/typescript/lib/tsserver.js:102953:16)
        at Object.getTouchingPropertyName (/usr/lib/node_modules/typescript/lib/tsserver.js:102945:16)
        at Object.getQuickInfoAtPosition (/usr/lib/node_modules/typescript/lib/tsserver.js:130795:27)
        at IOSession.Session.getQuickInfoWorker (/usr/lib/node_modules/typescript/lib/tsserver.js:140314:62)
        at Session.handlers.ts.createMapFromTemplate._a.<computed> (/usr/lib/node_modules/typescript/lib/tsserver.js:139349:61)
        at /usr/lib/node_modules/typescript/lib/tsserver.js:140932:88
        at IOSession.Session.executeWithRequestId (/usr/lib/node_modules/typescript/lib/tsserver.js:140923:28)
        at IOSession.Session.executeCommand (/usr/lib/node_modules/typescript/lib/tsserver.js:140932:33)
        at IOSession.Session.onMessage (/usr/lib/node_modules/typescript/lib/tsserver.js:140955:35)
        at Interface.<anonymous> (/usr/lib/node_modules/typescript/lib/tsserver.js:142270:27)
        at Interface.emit (events.js:321:20)
        at Interface._onLine (readline.js:323:10)
        at Interface._normalWrite (readline.js:468:12)
        at Socket.ondata (readline.js:180:10)
        at Socket.emit (events.js:321:20)
        at addChunk (_stream_readable.js:305:12)
        at readableAddChunk (_stream_readable.js:280:11)
        at Socket.Readable.push (_stream_readable.js:214:10)
        at Pipe.onStreamRead (internal/stream_base_commons.js:186:23)
Err 35    [15:2:15.269] Exception on executing command {"command":"documentHighlights","seq":63,"type":"request","arguments":{"file":"/emacsDocuments/carfront/src/App.js","line":8,"offset":5,"filesToSearch":["/emacsDocuments/carfront/src/App.js"]}}:

    Debug Failure. False expression: `JsxText` tokens should not be the first child of `JsxElement | JsxSelfClosingElement`

    Error: Debug Failure. False expression: `JsxText` tokens should not be the first child of `JsxElement | JsxSelfClosingElement`
        at findRightmostChildNodeWithTokens (/usr/lib/node_modules/typescript/lib/tsserver.js:103088:26)
        at find (/usr/lib/node_modules/typescript/lib/tsserver.js:103065:29)
        at findPrecedingToken (/usr/lib/node_modules/typescript/lib/tsserver.js:103029:22)
        at getTokenAtPositionWorker (/usr/lib/node_modules/typescript/lib/tsserver.js:102979:41)
        at getTouchingToken (/usr/lib/node_modules/typescript/lib/tsserver.js:102953:16)
        at Object.getTouchingPropertyName (/usr/lib/node_modules/typescript/lib/tsserver.js:102945:16)
        at Object.getDocumentHighlights (/usr/lib/node_modules/typescript/lib/tsserver.js:108263:27)
        at Object.getDocumentHighlights (/usr/lib/node_modules/typescript/lib/tsserver.js:130876:42)
        at IOSession.Session.getDocumentHighlights (/usr/lib/node_modules/typescript/lib/tsserver.js:140082:71)
        at Session.handlers.ts.createMapFromTemplate._a.<computed> (/usr/lib/node_modules/typescript/lib/tsserver.js:139504:61)
        at /usr/lib/node_modules/typescript/lib/tsserver.js:140932:88
        at IOSession.Session.executeWithRequestId (/usr/lib/node_modules/typescript/lib/tsserver.js:140923:28)
        at IOSession.Session.executeCommand (/usr/lib/node_modules/typescript/lib/tsserver.js:140932:33)
        at IOSession.Session.onMessage (/usr/lib/node_modules/typescript/lib/tsserver.js:140955:35)
        at Interface.<anonymous> (/usr/lib/node_modules/typescript/lib/tsserver.js:142270:27)
        at Interface.emit (events.js:321:20)
        at Interface._onLine (readline.js:323:10)
        at Interface._normalWrite (readline.js:468:12)
        at Socket.ondata (readline.js:180:10)
        at Socket.emit (events.js:321:20)
        at addChunk (_stream_readable.js:305:12)
        at readableAddChunk (_stream_readable.js:280:11)
        at Socket.Readable.push (_stream_readable.js:214:10)
        at Pipe.onStreamRead (internal/stream_base_commons.js:186:23)
Err 36    [15:2:15.567] Exception on executing command {"command":"quickinfo","seq":70,"type":"request","arguments":{"file":"/emacsDocuments/carfront/src/App.js","line":8,"offset":5}}:

    Debug Failure. False expression: `JsxText` tokens should not be the first child of `JsxElement | JsxSelfClosingElement`

    Error: Debug Failure. False expression: `JsxText` tokens should not be the first child of `JsxElement | JsxSelfClosingElement`
        at findRightmostChildNodeWithTokens (/usr/lib/node_modules/typescript/lib/tsserver.js:103088:26)
        at find (/usr/lib/node_modules/typescript/lib/tsserver.js:103065:29)
        at findPrecedingToken (/usr/lib/node_modules/typescript/lib/tsserver.js:103029:22)
        at getTokenAtPositionWorker (/usr/lib/node_modules/typescript/lib/tsserver.js:102979:41)
        at getTouchingToken (/usr/lib/node_modules/typescript/lib/tsserver.js:102953:16)
        at Object.getTouchingPropertyName (/usr/lib/node_modules/typescript/lib/tsserver.js:102945:16)
        at Object.getQuickInfoAtPosition (/usr/lib/node_modules/typescript/lib/tsserver.js:130795:27)
        at IOSession.Session.getQuickInfoWorker (/usr/lib/node_modules/typescript/lib/tsserver.js:140314:62)
        at Session.handlers.ts.createMapFromTemplate._a.<computed> (/usr/lib/node_modules/typescript/lib/tsserver.js:139349:61)
        at /usr/lib/node_modules/typescript/lib/tsserver.js:140932:88
        at IOSession.Session.executeWithRequestId (/usr/lib/node_modules/typescript/lib/tsserver.js:140923:28)
        at IOSession.Session.executeCommand (/usr/lib/node_modules/typescript/lib/tsserver.js:140932:33)
        at IOSession.Session.onMessage (/usr/lib/node_modules/typescript/lib/tsserver.js:140955:35)
        at Interface.<anonymous> (/usr/lib/node_modules/typescript/lib/tsserver.js:142270:27)
        at Interface.emit (events.js:321:20)
        at Interface._onLine (readline.js:323:10)
        at Interface._normalWrite (readline.js:468:12)
        at Socket.ondata (readline.js:180:10)
        at Socket.emit (events.js:321:20)
        at addChunk (_stream_readable.js:305:12)
        at readableAddChunk (_stream_readable.js:280:11)
        at Socket.Readable.push (_stream_readable.js:214:10)
        at Pipe.onStreamRead (internal/stream_base_commons.js:186:23)
Info 37   [15:2:17.290] Starting updateGraphWorker: Project: /dev/null/inferredProject1*
Info 38   [15:2:17.305] Finishing updateGraphWorker: Project: /dev/null/inferredProject1* Version: 8 structureChanged: false Elapsed: 15ms
Info 39   [15:2:17.305] Different program with same set of files:: oldProgram.structureIsReused:: 2
Info 40   [15:2:19.559] Starting updateGraphWorker: Project: /dev/null/inferredProject1*
Info 41   [15:2:19.570] Finishing updateGraphWorker: Project: /dev/null/inferredProject1* Version: 9 structureChanged: false Elapsed: 11ms
Info 42   [15:2:19.571] Different program with same set of files:: oldProgram.structureIsReused:: 2
Info 43   [15:2:23.564] Starting updateGraphWorker: Project: /dev/null/inferredProject1*
Info 44   [15:2:23.596] Finishing updateGraphWorker: Project: /dev/null/inferredProject1* Version: 10 structureChanged: false Elapsed: 31ms
Info 45   [15:2:23.596] Different program with same set of files:: oldProgram.structureIsReused:: 2
Info 46   [15:2:23.734] Starting updateGraphWorker: Project: /dev/null/inferredProject1*
Info 47   [15:2:23.747] Finishing updateGraphWorker: Project: /dev/null/inferredProject1* Version: 11 structureChanged: false Elapsed: 13ms
Info 48   [15:2:23.747] Different program with same set of files:: oldProgram.structureIsReused:: 2
Info 49   [15:2:24.333] Starting updateGraphWorker: Project: /dev/null/inferredProject1*
Info 50   [15:2:24.345] Finishing updateGraphWorker: Project: /dev/null/inferredProject1* Version: 12 structureChanged: false Elapsed: 12ms
Info 51   [15:2:24.345] Different program with same set of files:: oldProgram.structureIsReused:: 2
Info 52   [15:2:24.432] Starting updateGraphWorker: Project: /dev/null/inferredProject1*
Info 53   [15:2:24.456] Finishing updateGraphWorker: Project: /dev/null/inferredProject1* Version: 13 structureChanged: false Elapsed: 23ms
Info 54   [15:2:24.456] Different program with same set of files:: oldProgram.structureIsReused:: 2
Info 55   [15:2:24.755] Starting updateGraphWorker: Project: /dev/null/inferredProject1*
Info 56   [15:2:24.767] Finishing updateGraphWorker: Project: /dev/null/inferredProject1* Version: 14 structureChanged: false Elapsed: 12ms
Info 57   [15:2:24.767] Different program with same set of files:: oldProgram.structureIsReused:: 2
Info 58   [15:2:24.961] Starting updateGraphWorker: Project: /dev/null/inferredProject1*
Info 59   [15:2:24.970] Finishing updateGraphWorker: Project: /dev/null/inferredProject1* Version: 15 structureChanged: false Elapsed: 9ms
Info 60   [15:2:24.970] Different program with same set of files:: oldProgram.structureIsReused:: 2
Info 61   [15:2:25.368] Starting updateGraphWorker: Project: /dev/null/inferredProject1*
Info 62   [15:2:25.378] Finishing updateGraphWorker: Project: /dev/null/inferredProject1* Version: 16 structureChanged: false Elapsed: 9ms
Info 63   [15:2:25.378] Different program with same set of files:: oldProgram.structureIsReused:: 2
Info 64   [15:2:25.872] getCompletionData: Get current token: 0
Info 65   [15:2:25.872] getCompletionData: Is inside comment: 0
Info 66   [15:2:25.872] getCompletionData: Get previous token 1: 0
Info 67   [15:2:25.873] getCompletionData: Get previous token 2: 1
Info 68   [15:2:25.873] getCompletionsAtPosition: isCompletionListBlocker: 0
Info 69   [15:2:25.885] getSymbolsFromOtherSourceFileExports: Recomputing list
Info 70   [15:2:25.899] forEachExternalModuleToImportFrom: filtered out 83 modules by package.json contents
Info 71   [15:2:25.899] getSymbolsFromOtherSourceFileExports: 14
Info 72   [15:2:25.905] getCompletionData: Semantic work: 32
Info 73   [15:2:25.965] getCompletionsAtPosition: getCompletionEntriesFromSymbols: 22
Info 74   [15:2:39.916] Starting updateGraphWorker: Project: /dev/null/inferredProject1*
Info 75   [15:2:39.931] Finishing updateGraphWorker: Project: /dev/null/inferredProject1* Version: 17 structureChanged: false Elapsed: 15ms
Info 76   [15:2:39.931] Different program with same set of files:: oldProgram.structureIsReused:: 2
Info 77   [15:2:40.554] Starting updateGraphWorker: Project: /dev/null/inferredProject1*
Info 78   [15:2:40.566] Finishing updateGraphWorker: Project: /dev/null/inferredProject1* Version: 18 structureChanged: false Elapsed: 12ms
Info 79   [15:2:40.566] Different program with same set of files:: oldProgram.structureIsReused:: 2
Info 80   [15:2:40.821] Starting updateGraphWorker: Project: /dev/null/inferredProject1*
Info 81   [15:2:40.832] Finishing updateGraphWorker: Project: /dev/null/inferredProject1* Version: 19 structureChanged: false Elapsed: 11ms
Info 82   [15:2:40.832] Different program with same set of files:: oldProgram.structureIsReused:: 2
Info 83   [15:2:40.851] Starting updateGraphWorker: Project: /dev/null/inferredProject1*
Info 84   [15:2:40.860] Finishing updateGraphWorker: Project: /dev/null/inferredProject1* Version: 20 structureChanged: false Elapsed: 9ms
Info 85   [15:2:40.860] Different program with same set of files:: oldProgram.structureIsReused:: 2
Info 86   [15:2:40.940] Starting updateGraphWorker: Project: /dev/null/inferredProject1*
Info 87   [15:2:40.950] Finishing updateGraphWorker: Project: /dev/null/inferredProject1* Version: 21 structureChanged: false Elapsed: 10ms
Info 88   [15:2:40.950] Different program with same set of files:: oldProgram.structureIsReused:: 2
Info 89   [15:2:41.130] Starting updateGraphWorker: Project: /dev/null/inferredProject1*
Info 90   [15:2:41.139] Finishing updateGraphWorker: Project: /dev/null/inferredProject1* Version: 22 structureChanged: false Elapsed: 8ms
Info 91   [15:2:41.139] Different program with same set of files:: oldProgram.structureIsReused:: 2
Info 92   [15:2:41.308] Starting updateGraphWorker: Project: /dev/null/inferredProject1*
Info 93   [15:2:41.319] Finishing updateGraphWorker: Project: /dev/null/inferredProject1* Version: 23 structureChanged: false Elapsed: 10ms
Info 94   [15:2:41.319] Different program with same set of files:: oldProgram.structureIsReused:: 2
Info 95   [15:2:41.660] Starting updateGraphWorker: Project: /dev/null/inferredProject1*
Info 96   [15:2:41.678] Finishing updateGraphWorker: Project: /dev/null/inferredProject1* Version: 24 structureChanged: false Elapsed: 18ms
Info 97   [15:2:41.678] Different program with same set of files:: oldProgram.structureIsReused:: 2
Info 98   [15:2:42.938] Starting updateGraphWorker: Project: /dev/null/inferredProject1*
Info 99   [15:2:42.949] Finishing updateGraphWorker: Project: /dev/null/inferredProject1* Version: 25 structureChanged: false Elapsed: 11ms
Info 100  [15:2:42.949] Different program with same set of files:: oldProgram.structureIsReused:: 2
Info 101  [15:2:43.785] Starting updateGraphWorker: Project: /dev/null/inferredProject1*
Info 102  [15:2:43.795] Finishing updateGraphWorker: Project: /dev/null/inferredProject1* Version: 26 structureChanged: false Elapsed: 9ms
Info 103  [15:2:43.796] Different program with same set of files:: oldProgram.structureIsReused:: 2
Info 104  [15:2:43.845] Starting updateGraphWorker: Project: /dev/null/inferredProject1*
Info 105  [15:2:43.852] Finishing updateGraphWorker: Project: /dev/null/inferredProject1* Version: 27 structureChanged: false Elapsed: 7ms
Info 106  [15:2:43.852] Different program with same set of files:: oldProgram.structureIsReused:: 2
Info 107  [15:2:44.49] Starting updateGraphWorker: Project: /dev/null/inferredProject1*
Info 108  [15:2:44.59] Finishing updateGraphWorker: Project: /dev/null/inferredProject1* Version: 28 structureChanged: false Elapsed: 9ms
Info 109  [15:2:44.59] Different program with same set of files:: oldProgram.structureIsReused:: 2
Info 110  [15:2:44.233] Starting updateGraphWorker: Project: /dev/null/inferredProject1*
Info 111  [15:2:44.243] Finishing updateGraphWorker: Project: /dev/null/inferredProject1* Version: 29 structureChanged: false Elapsed: 10ms
Info 112  [15:2:44.243] Different program with same set of files:: oldProgram.structureIsReused:: 2
Info 113  [15:2:44.551] Starting updateGraphWorker: Project: /dev/null/inferredProject1*
Info 114  [15:2:44.562] Finishing updateGraphWorker: Project: /dev/null/inferredProject1* Version: 30 structureChanged: false Elapsed: 11ms
Info 115  [15:2:44.562] Different program with same set of files:: oldProgram.structureIsReused:: 2
Info 116  [15:2:44.740] Starting updateGraphWorker: Project: /dev/null/inferredProject1*
Info 117  [15:2:44.749] Finishing updateGraphWorker: Project: /dev/null/inferredProject1* Version: 31 structureChanged: false Elapsed: 9ms
Info 118  [15:2:44.749] Different program with same set of files:: oldProgram.structureIsReused:: 2
Info 119  [15:2:44.918] Starting updateGraphWorker: Project: /dev/null/inferredProject1*
Info 120  [15:2:44.927] Finishing updateGraphWorker: Project: /dev/null/inferredProject1* Version: 32 structureChanged: false Elapsed: 9ms
Info 121  [15:2:44.927] Different program with same set of files:: oldProgram.structureIsReused:: 2
Info 122  [15:2:45.436] Starting updateGraphWorker: Project: /dev/null/inferredProject1*
Info 123  [15:2:45.447] Finishing updateGraphWorker: Project: /dev/null/inferredProject1* Version: 33 structureChanged: false Elapsed: 11ms
Info 124  [15:2:45.447] Different program with same set of files:: oldProgram.structureIsReused:: 2
Info 125  [15:2:45.660] Starting updateGraphWorker: Project: /dev/null/inferredProject1*
Info 126  [15:2:45.670] Finishing updateGraphWorker: Project: /dev/null/inferredProject1* Version: 34 structureChanged: false Elapsed: 10ms
Info 127  [15:2:45.670] Different program with same set of files:: oldProgram.structureIsReused:: 2
Info 128  [15:2:45.671] Starting updateGraphWorker: Project: /dev/null/inferredProject1*
Info 129  [15:2:45.684] Finishing updateGraphWorker: Project: /dev/null/inferredProject1* Version: 35 structureChanged: false Elapsed: 13ms
Info 130  [15:2:45.684] Different program with same set of files:: oldProgram.structureIsReused:: 2
Info 131  [15:2:45.826] Starting updateGraphWorker: Project: /dev/null/inferredProject1*
Info 132  [15:2:45.835] Finishing updateGraphWorker: Project: /dev/null/inferredProject1* Version: 36 structureChanged: false Elapsed: 9ms
Info 133  [15:2:45.835] Different program with same set of files:: oldProgram.structureIsReused:: 2
Info 134  [15:2:45.989] Starting updateGraphWorker: Project: /dev/null/inferredProject1*
Info 135  [15:2:45.998] Finishing updateGraphWorker: Project: /dev/null/inferredProject1* Version: 37 structureChanged: false Elapsed: 9ms
Info 136  [15:2:45.998] Different program with same set of files:: oldProgram.structureIsReused:: 2
Info 137  [15:2:46.18] Starting updateGraphWorker: Project: /dev/null/inferredProject1*
Info 138  [15:2:46.26] Finishing updateGraphWorker: Project: /dev/null/inferredProject1* Version: 38 structureChanged: false Elapsed: 8ms
Info 139  [15:2:46.27] Different program with same set of files:: oldProgram.structureIsReused:: 2
Info 140  [15:2:46.113] Starting updateGraphWorker: Project: /dev/null/inferredProject1*
Info 141  [15:2:46.125] Finishing updateGraphWorker: Project: /dev/null/inferredProject1* Version: 39 structureChanged: false Elapsed: 12ms
Info 142  [15:2:46.125] Different program with same set of files:: oldProgram.structureIsReused:: 2
Info 143  [15:2:46.404] Starting updateGraphWorker: Project: /dev/null/inferredProject1*
Info 144  [15:2:46.414] Finishing updateGraphWorker: Project: /dev/null/inferredProject1* Version: 40 structureChanged: false Elapsed: 10ms
Info 145  [15:2:46.414] Different program with same set of files:: oldProgram.structureIsReused:: 2
Info 146  [15:2:46.715] Starting updateGraphWorker: Project: /dev/null/inferredProject1*
Info 147  [15:2:46.725] Finishing updateGraphWorker: Project: /dev/null/inferredProject1* Version: 41 structureChanged: false Elapsed: 9ms
Info 148  [15:2:46.725] Different program with same set of files:: oldProgram.structureIsReused:: 2
Info 149  [15:2:47.589] Starting updateGraphWorker: Project: /dev/null/inferredProject1*
Info 150  [15:2:47.651] Finishing updateGraphWorker: Project: /dev/null/inferredProject1* Version: 42 structureChanged: true Elapsed: 62ms
Info 151  [15:2:47.652] Different program with same set of files:: oldProgram.structureIsReused:: 1
Info 152  [15:2:47.772] Starting updateGraphWorker: Project: /dev/null/inferredProject1*
Info 153  [15:2:47.841] Finishing updateGraphWorker: Project: /dev/null/inferredProject1* Version: 43 structureChanged: true Elapsed: 69ms
Info 154  [15:2:47.841] Different program with same set of files:: oldProgram.structureIsReused:: 1
Info 155  [15:2:48.8] Structure before ensureProjectForOpenFiles:
Info 156  [15:2:48.8] Structure after ensureProjectForOpenFiles:
Info 157  [15:2:48.9] got projects updated in background, updating diagnostics for /emacsDocuments/carfront/src/App.js
Info 158  [15:2:48.21] Starting updateGraphWorker: Project: /dev/null/inferredProject1*
Info 159  [15:2:48.65] Finishing updateGraphWorker: Project: /dev/null/inferredProject1* Version: 44 structureChanged: true Elapsed: 44ms
Info 160  [15:2:48.65] Different program with same set of files:: oldProgram.structureIsReused:: 1
Info 161  [15:2:48.181] Starting updateGraphWorker: Project: /dev/null/inferredProject1*
Info 162  [15:2:48.225] Finishing updateGraphWorker: Project: /dev/null/inferredProject1* Version: 45 structureChanged: true Elapsed: 44ms
Info 163  [15:2:48.225] Different program with same set of files:: oldProgram.structureIsReused:: 1
Info 164  [15:2:48.381] Starting updateGraphWorker: Project: /dev/null/inferredProject1*
Info 165  [15:2:48.416] Finishing updateGraphWorker: Project: /dev/null/inferredProject1* Version: 46 structureChanged: true Elapsed: 35ms
Info 166  [15:2:48.417] Different program with same set of files:: oldProgram.structureIsReused:: 1
Info 167  [15:2:48.580] Structure before ensureProjectForOpenFiles:
Info 168  [15:2:48.580] Structure after ensureProjectForOpenFiles:
Info 169  [15:2:48.580] got projects updated in background, updating diagnostics for /emacsDocuments/carfront/src/App.js
Info 170  [15:2:49.119] Starting updateGraphWorker: Project: /dev/null/inferredProject1*
Info 171  [15:2:49.153] Finishing updateGraphWorker: Project: /dev/null/inferredProject1* Version: 47 structureChanged: true Elapsed: 34ms
Info 172  [15:2:49.153] Different program with same set of files:: oldProgram.structureIsReused:: 1
Info 173  [15:2:49.318] Starting updateGraphWorker: Project: /dev/null/inferredProject1*
Info 174  [15:2:49.352] Finishing updateGraphWorker: Project: /dev/null/inferredProject1* Version: 48 structureChanged: true Elapsed: 34ms
Info 175  [15:2:49.352] Different program with same set of files:: oldProgram.structureIsReused:: 1
Info 176  [15:2:49.506] Structure before ensureProjectForOpenFiles:
Info 177  [15:2:49.506] Structure after ensureProjectForOpenFiles:
Info 178  [15:2:49.507] got projects updated in background, updating diagnostics for /emacsDocuments/carfront/src/App.js
Info 179  [15:2:51.888] Starting updateGraphWorker: Project: /dev/null/inferredProject1*
Info 180  [15:2:52.778] Finishing updateGraphWorker: Project: /dev/null/inferredProject1* Version: 49 structureChanged: true Elapsed: 890ms
Info 181  [15:2:52.778] Project '/dev/null/inferredProject1*' (Inferred) 
Info 182  [15:2:52.778] 	Files (441)

Info 183  [15:2:52.778] -----------------------------------------------
Info 184  [15:2:52.786] Starting updateGraphWorker: Project: /dev/null/inferredProject1*
Info 185  [15:2:52.825] Finishing updateGraphWorker: Project: /dev/null/inferredProject1* Version: 50 structureChanged: false Elapsed: 39ms
Info 186  [15:2:52.825] Different program with same set of files:: oldProgram.structureIsReused:: 2
Info 187  [15:2:52.894] Starting updateGraphWorker: Project: /dev/null/inferredProject1*
Info 188  [15:2:52.919] Finishing updateGraphWorker: Project: /dev/null/inferredProject1* Version: 51 structureChanged: false Elapsed: 22ms
Info 189  [15:2:52.919] Different program with same set of files:: oldProgram.structureIsReused:: 2
Info 190  [15:2:53.133] Starting updateGraphWorker: Project: /dev/null/inferredProject1*
Info 191  [15:2:53.152] Finishing updateGraphWorker: Project: /dev/null/inferredProject1* Version: 52 structureChanged: false Elapsed: 18ms
Info 192  [15:2:53.152] Different program with same set of files:: oldProgram.structureIsReused:: 2
Info 193  [15:2:53.152] Structure before ensureProjectForOpenFiles:
Info 194  [15:2:53.152] Structure after ensureProjectForOpenFiles:
Info 195  [15:2:53.152] got projects updated in background, updating diagnostics for /emacsDocuments/carfront/src/App.js
Info 196  [15:2:53.612] DirectoryWatcher:: Triggered with /emacsDocuments/carfront/src/App.js~ :: WatchInfo: /emacsDocuments/carfront/src 0 Project: /dev/null/inferredProject1* WatchType: Failed Lookup Locations
Info 197  [15:2:53.613] Elapsed:: 1ms DirectoryWatcher:: Triggered with /emacsDocuments/carfront/src/App.js~ :: WatchInfo: /emacsDocuments/carfront/src 0 Project: /dev/null/inferredProject1* WatchType: Failed Lookup Locations
Info 198  [15:2:53.626] DirectoryWatcher:: Triggered with /emacsDocuments/carfront/src/.#App.js :: WatchInfo: /emacsDocuments/carfront/src 0 Project: /dev/null/inferredProject1* WatchType: Failed Lookup Locations
Info 199  [15:2:53.627] Elapsed:: 1ms DirectoryWatcher:: Triggered with /emacsDocuments/carfront/src/.#App.js :: WatchInfo: /emacsDocuments/carfront/src 0 Project: /dev/null/inferredProject1* WatchType: Failed Lookup Locations
Info 200  [15:2:56.42] DirectoryWatcher:: Triggered with /emacsDocuments/carfront/src/.#App.js :: WatchInfo: /emacsDocuments/carfront/src 0 Project: /dev/null/inferredProject1* WatchType: Failed Lookup Locations
Info 201  [15:2:56.42] Elapsed:: 0ms DirectoryWatcher:: Triggered with /emacsDocuments/carfront/src/.#App.js :: WatchInfo: /emacsDocuments/carfront/src 0 Project: /dev/null/inferredProject1* WatchType: Failed Lookup Locations
Info 202  [15:2:56.45] Starting updateGraphWorker: Project: /dev/null/inferredProject1*
Info 203  [15:2:56.80] Finishing updateGraphWorker: Project: /dev/null/inferredProject1* Version: 53 structureChanged: false Elapsed: 35ms
Info 204  [15:2:56.81] Different program with same set of files:: oldProgram.structureIsReused:: 2
Info 205  [15:2:56.498] Starting updateGraphWorker: Project: /dev/null/inferredProject1*
Info 206  [15:2:56.517] Finishing updateGraphWorker: Project: /dev/null/inferredProject1* Version: 54 structureChanged: false Elapsed: 19ms
Info 207  [15:2:56.517] Different program with same set of files:: oldProgram.structureIsReused:: 2
Info 208  [15:2:57.0] getCompletionData: Get current token: 1
Info 209  [15:2:57.0] getCompletionData: Is inside comment: 0
Info 210  [15:2:57.0] getCompletionData: Get previous token 1: 0
Info 211  [15:2:57.0] getCompletionData: Get previous token 2: 0
Info 212  [15:2:57.1] getCompletionsAtPosition: isCompletionListBlocker: 0
Info 213  [15:2:57.10] getSymbolsFromOtherSourceFileExports: Recomputing list
Info 214  [15:2:57.48] forEachExternalModuleToImportFrom: filtered out 115 modules by package.json contents
Info 215  [15:2:57.49] getSymbolsFromOtherSourceFileExports: 39
Info 216  [15:2:57.57] getCompletionData: Semantic work: 56
Info 217  [15:2:57.124] getCompletionsAtPosition: getCompletionEntriesFromSymbols: 23
Info 218  [15:2:58.840] Starting updateGraphWorker: Project: /dev/null/inferredProject1*
Info 219  [15:2:58.856] Finishing updateGraphWorker: Project: /dev/null/inferredProject1* Version: 55 structureChanged: false Elapsed: 16ms
Info 220  [15:2:58.856] Different program with same set of files:: oldProgram.structureIsReused:: 2
Info 221  [15:2:58.856] getCompletionData: Get current token: 0
Info 222  [15:2:58.856] getCompletionData: Is inside comment: 0
Info 223  [15:2:58.856] getCompletionData: Get previous token 1: 0
Info 224  [15:2:58.857] getCompletionData: Get previous token 2: 1
Info 225  [15:2:58.857] getCompletionsAtPosition: isCompletionListBlocker: 0
Info 226  [15:2:58.864] getSymbolsFromOtherSourceFileExports: Recomputing list for details entry
Info 227  [15:2:58.901] forEachExternalModuleToImportFrom: filtered out 0 modules by package.json contents
Info 228  [15:2:58.902] getSymbolsFromOtherSourceFileExports: 38
Info 229  [15:2:58.924] getCompletionData: Semantic work: 67
Info 230  [15:3:2.172] Starting updateGraphWorker: Project: /dev/null/inferredProject1*
Info 231  [15:3:2.188] Finishing updateGraphWorker: Project: /dev/null/inferredProject1* Version: 56 structureChanged: false Elapsed: 16ms
Info 232  [15:3:2.189] Different program with same set of files:: oldProgram.structureIsReused:: 2
Info 233  [15:3:2.982] Starting updateGraphWorker: Project: /dev/null/inferredProject1*
Info 234  [15:3:3.0] Finishing updateGraphWorker: Project: /dev/null/inferredProject1* Version: 57 structureChanged: false Elapsed: 18ms
Info 235  [15:3:3.0] Different program with same set of files:: oldProgram.structureIsReused:: 2
Info 236  [15:3:3.693] Starting updateGraphWorker: Project: /dev/null/inferredProject1*
Info 237  [15:3:3.706] Finishing updateGraphWorker: Project: /dev/null/inferredProject1* Version: 58 structureChanged: false Elapsed: 13ms
Info 238  [15:3:3.706] Different program with same set of files:: oldProgram.structureIsReused:: 2
Info 239  [15:3:4.399] Starting updateGraphWorker: Project: /dev/null/inferredProject1*
Info 240  [15:3:4.431] Finishing updateGraphWorker: Project: /dev/null/inferredProject1* Version: 59 structureChanged: false Elapsed: 32ms
Info 241  [15:3:4.431] Different program with same set of files:: oldProgram.structureIsReused:: 2
Info 242  [15:3:5.133] Starting updateGraphWorker: Project: /dev/null/inferredProject1*
Info 243  [15:3:5.152] Finishing updateGraphWorker: Project: /dev/null/inferredProject1* Version: 60 structureChanged: false Elapsed: 19ms
Info 244  [15:3:5.152] Different program with same set of files:: oldProgram.structureIsReused:: 2
Info 245  [15:3:5.909] getCompletionData: Get current token: 0
Info 246  [15:3:5.910] getCompletionData: Is inside comment: 1
Info 247  [15:3:5.910] getCompletionData: Get previous token 1: 0
Info 248  [15:3:5.910] getCompletionData: Get previous token 2: 0
Info 249  [15:3:5.910] getCompletionsAtPosition: isCompletionListBlocker: 0
Info 250  [15:3:5.924] getCompletionData: Semantic work: 14
Info 251  [15:3:5.939] getCompletionsAtPosition: getCompletionEntriesFromSymbols: 8
Info 252  [15:3:7.291] Starting updateGraphWorker: Project: /dev/null/inferredProject1*
Info 253  [15:3:7.308] Finishing updateGraphWorker: Project: /dev/null/inferredProject1* Version: 61 structureChanged: false Elapsed: 17ms
Info 254  [15:3:7.308] Different program with same set of files:: oldProgram.structureIsReused:: 2
Info 255  [15:3:7.309] getCompletionData: Get current token: 0
Info 256  [15:3:7.309] getCompletionData: Is inside comment: 0
Info 257  [15:3:7.309] getCompletionData: Get previous token 1: 0
Info 258  [15:3:7.309] getCompletionData: Get previous token 2: 0
Info 259  [15:3:7.309] getCompletionsAtPosition: isCompletionListBlocker: 0
Info 260  [15:3:8.11] getCompletionData: Semantic work: 702
Info 261  [15:3:8.14] getCompletionsAtPosition: getCompletionEntriesFromSymbols: 3
Info 262  [15:3:8.32] Starting updateGraphWorker: Project: /dev/null/inferredProject1*
Info 263  [15:3:8.45] Finishing updateGraphWorker: Project: /dev/null/inferredProject1* Version: 62 structureChanged: false Elapsed: 13ms
Info 264  [15:3:8.45] Different program with same set of files:: oldProgram.structureIsReused:: 2
Info 265  [15:3:8.694] Starting updateGraphWorker: Project: /dev/null/inferredProject1*
Info 266  [15:3:8.709] Finishing updateGraphWorker: Project: /dev/null/inferredProject1* Version: 63 structureChanged: false Elapsed: 15ms
Info 267  [15:3:8.709] Different program with same set of files:: oldProgram.structureIsReused:: 2
Info 268  [15:3:9.382] getCompletionData: Get current token: 0
Info 269  [15:3:9.382] getCompletionData: Is inside comment: 0
Info 270  [15:3:9.382] getCompletionData: Get previous token 1: 0
Info 271  [15:3:9.382] getCompletionData: Get previous token 2: 0
Info 272  [15:3:9.382] getCompletionsAtPosition: isCompletionListBlocker: 0
Info 273  [15:3:9.384] getCompletionData: Semantic work: 2
Info 274  [15:3:9.390] getCompletionsAtPosition: getCompletionEntriesFromSymbols: 5
Info 275  [15:3:9.392] Starting updateGraphWorker: Project: /dev/null/inferredProject1*
Info 276  [15:3:9.417] Finishing updateGraphWorker: Project: /dev/null/inferredProject1* Version: 64 structureChanged: false Elapsed: 25ms
Info 277  [15:3:9.418] Different program with same set of files:: oldProgram.structureIsReused:: 2
Info 278  [15:3:10.108] Starting updateGraphWorker: Project: /dev/null/inferredProject1*
Info 279  [15:3:10.119] Finishing updateGraphWorker: Project: /dev/null/inferredProject1* Version: 65 structureChanged: false Elapsed: 11ms
Info 280  [15:3:10.120] Different program with same set of files:: oldProgram.structureIsReused:: 2
Info 281  [15:3:10.120] Starting updateGraphWorker: Project: /dev/null/inferredProject1*
Info 282  [15:3:10.131] Finishing updateGraphWorker: Project: /dev/null/inferredProject1* Version: 66 structureChanged: false Elapsed: 11ms
Info 283  [15:3:10.131] Different program with same set of files:: oldProgram.structureIsReused:: 2
Info 284  [15:3:10.131] Starting updateGraphWorker: Project: /dev/null/inferredProject1*
Info 285  [15:3:10.142] Finishing updateGraphWorker: Project: /dev/null/inferredProject1* Version: 67 structureChanged: false Elapsed: 11ms
Info 286  [15:3:10.142] Different program with same set of files:: oldProgram.structureIsReused:: 2
Info 287  [15:3:10.143] Starting updateGraphWorker: Project: /dev/null/inferredProject1*
Info 288  [15:3:10.162] Finishing updateGraphWorker: Project: /dev/null/inferredProject1* Version: 68 structureChanged: false Elapsed: 19ms
Info 289  [15:3:10.162] Different program with same set of files:: oldProgram.structureIsReused:: 2
Info 290  [15:3:10.165] Starting updateGraphWorker: Project: /dev/null/inferredProject1*
Info 291  [15:3:10.195] Finishing updateGraphWorker: Project: /dev/null/inferredProject1* Version: 69 structureChanged: false Elapsed: 30ms
Info 292  [15:3:10.195] Different program with same set of files:: oldProgram.structureIsReused:: 2
Info 293  [15:3:10.196] Starting updateGraphWorker: Project: /dev/null/inferredProject1*
Info 294  [15:3:10.223] Finishing updateGraphWorker: Project: /dev/null/inferredProject1* Version: 70 structureChanged: false Elapsed: 27ms
Info 295  [15:3:10.223] Different program with same set of files:: oldProgram.structureIsReused:: 2
Info 296  [15:3:10.224] Starting updateGraphWorker: Project: /dev/null/inferredProject1*
Info 297  [15:3:10.250] Finishing updateGraphWorker: Project: /dev/null/inferredProject1* Version: 71 structureChanged: false Elapsed: 26ms
Info 298  [15:3:10.253] Different program with same set of files:: oldProgram.structureIsReused:: 2
Info 299  [15:3:10.258] Starting updateGraphWorker: Project: /dev/null/inferredProject1*
Info 300  [15:3:10.315] Finishing updateGraphWorker: Project: /dev/null/inferredProject1* Version: 72 structureChanged: false Elapsed: 54ms
Info 301  [15:3:10.315] Different program with same set of files:: oldProgram.structureIsReused:: 2
Info 302  [15:3:11.934] Starting updateGraphWorker: Project: /dev/null/inferredProject1*
Info 303  [15:3:11.955] Finishing updateGraphWorker: Project: /dev/null/inferredProject1* Version: 73 structureChanged: false Elapsed: 21ms
Info 304  [15:3:11.955] Different program with same set of files:: oldProgram.structureIsReused:: 2
Info 305  [15:3:11.956] Starting updateGraphWorker: Project: /dev/null/inferredProject1*
Info 306  [15:3:11.968] Finishing updateGraphWorker: Project: /dev/null/inferredProject1* Version: 74 structureChanged: false Elapsed: 12ms
Info 307  [15:3:11.968] Different program with same set of files:: oldProgram.structureIsReused:: 2
Info 308  [15:3:11.969] Starting updateGraphWorker: Project: /dev/null/inferredProject1*
Info 309  [15:3:11.980] Finishing updateGraphWorker: Project: /dev/null/inferredProject1* Version: 75 structureChanged: false Elapsed: 11ms
Info 310  [15:3:11.980] Different program with same set of files:: oldProgram.structureIsReused:: 2
Info 311  [15:3:12.721] Starting updateGraphWorker: Project: /dev/null/inferredProject1*
Info 312  [15:3:12.736] Finishing updateGraphWorker: Project: /dev/null/inferredProject1* Version: 76 structureChanged: false Elapsed: 15ms
Info 313  [15:3:12.736] Different program with same set of files:: oldProgram.structureIsReused:: 2
Info 314  [15:3:13.452] Starting updateGraphWorker: Project: /dev/null/inferredProject1*
Info 315  [15:3:13.465] Finishing updateGraphWorker: Project: /dev/null/inferredProject1* Version: 77 structureChanged: false Elapsed: 12ms
Info 316  [15:3:13.465] Different program with same set of files:: oldProgram.structureIsReused:: 2
Info 317  [15:3:14.185] Starting updateGraphWorker: Project: /dev/null/inferredProject1*
Info 318  [15:3:14.197] Finishing updateGraphWorker: Project: /dev/null/inferredProject1* Version: 78 structureChanged: false Elapsed: 12ms
Info 319  [15:3:14.197] Different program with same set of files:: oldProgram.structureIsReused:: 2
Info 320  [15:3:14.888] Starting updateGraphWorker: Project: /dev/null/inferredProject1*
Info 321  [15:3:14.900] Finishing updateGraphWorker: Project: /dev/null/inferredProject1* Version: 79 structureChanged: false Elapsed: 11ms
Info 322  [15:3:14.900] Different program with same set of files:: oldProgram.structureIsReused:: 2
Info 323  [15:3:15.595] Starting updateGraphWorker: Project: /dev/null/inferredProject1*
Info 324  [15:3:15.607] Finishing updateGraphWorker: Project: /dev/null/inferredProject1* Version: 80 structureChanged: false Elapsed: 12ms
Info 325  [15:3:15.607] Different program with same set of files:: oldProgram.structureIsReused:: 2
Info 326  [15:3:15.607] Starting updateGraphWorker: Project: /dev/null/inferredProject1*
Info 327  [15:3:15.618] Finishing updateGraphWorker: Project: /dev/null/inferredProject1* Version: 81 structureChanged: false Elapsed: 11ms
Info 328  [15:3:15.618] Different program with same set of files:: oldProgram.structureIsReused:: 2
Info 329  [15:3:15.618] Starting updateGraphWorker: Project: /dev/null/inferredProject1*
Info 330  [15:3:15.629] Finishing updateGraphWorker: Project: /dev/null/inferredProject1* Version: 82 structureChanged: false Elapsed: 11ms
Info 331  [15:3:15.629] Different program with same set of files:: oldProgram.structureIsReused:: 2
Info 332  [15:3:15.629] Starting updateGraphWorker: Project: /dev/null/inferredProject1*
Info 333  [15:3:15.648] Finishing updateGraphWorker: Project: /dev/null/inferredProject1* Version: 83 structureChanged: false Elapsed: 19ms
Info 334  [15:3:15.649] Different program with same set of files:: oldProgram.structureIsReused:: 2
Info 335  [15:3:15.649] Starting updateGraphWorker: Project: /dev/null/inferredProject1*
Info 336  [15:3:15.661] Finishing updateGraphWorker: Project: /dev/null/inferredProject1* Version: 84 structureChanged: false Elapsed: 12ms
Info 337  [15:3:15.661] Different program with same set of files:: oldProgram.structureIsReused:: 2
Info 338  [15:3:15.661] Starting updateGraphWorker: Project: /dev/null/inferredProject1*
Info 339  [15:3:15.672] Finishing updateGraphWorker: Project: /dev/null/inferredProject1* Version: 85 structureChanged: false Elapsed: 11ms
Info 340  [15:3:15.672] Different program with same set of files:: oldProgram.structureIsReused:: 2
Info 341  [15:3:15.673] Starting updateGraphWorker: Project: /dev/null/inferredProject1*
Info 342  [15:3:15.683] Finishing updateGraphWorker: Project: /dev/null/inferredProject1* Version: 86 structureChanged: false Elapsed: 10ms
Info 343  [15:3:15.683] Different program with same set of files:: oldProgram.structureIsReused:: 2
Info 344  [15:3:15.684] Starting updateGraphWorker: Project: /dev/null/inferredProject1*
Info 345  [15:3:15.695] Finishing updateGraphWorker: Project: /dev/null/inferredProject1* Version: 87 structureChanged: false Elapsed: 11ms
Info 346  [15:3:15.695] Different program with same set of files:: oldProgram.structureIsReused:: 2
Info 347  [15:3:15.695] Starting updateGraphWorker: Project: /dev/null/inferredProject1*
Info 348  [15:3:15.712] Finishing updateGraphWorker: Project: /dev/null/inferredProject1* Version: 88 structureChanged: false Elapsed: 17ms
Info 349  [15:3:15.712] Different program with same set of files:: oldProgram.structureIsReused:: 2
Info 350  [15:3:15.713] Starting updateGraphWorker: Project: /dev/null/inferredProject1*
Info 351  [15:3:15.725] Finishing updateGraphWorker: Project: /dev/null/inferredProject1* Version: 89 structureChanged: false Elapsed: 12ms
Info 352  [15:3:15.725] Different program with same set of files:: oldProgram.structureIsReused:: 2
Info 353  [15:3:15.725] getCompletionData: Get current token: 0
Info 354  [15:3:15.725] getCompletionData: Is inside comment: 0
Info 355  [15:3:15.725] getCompletionData: Get previous token 1: 0
Info 356  [15:3:15.726] getCompletionsAtPosition: isCompletionListBlocker: 0
Info 357  [15:3:16.391] getCompletionData: Semantic work: 665
Info 358  [15:3:16.395] getCompletionsAtPosition: getCompletionEntriesFromSymbols: 3
Info 359  [15:3:16.397] Starting updateGraphWorker: Project: /dev/null/inferredProject1*
Info 360  [15:3:16.417] Finishing updateGraphWorker: Project: /dev/null/inferredProject1* Version: 90 structureChanged: false Elapsed: 20ms
Info 361  [15:3:16.417] Different program with same set of files:: oldProgram.structureIsReused:: 2
Info 362  [15:3:16.420] Starting updateGraphWorker: Project: /dev/null/inferredProject1*
Info 363  [15:3:16.433] Finishing updateGraphWorker: Project: /dev/null/inferredProject1* Version: 91 structureChanged: false Elapsed: 13ms
Info 364  [15:3:16.433] Different program with same set of files:: oldProgram.structureIsReused:: 2
Info 365  [15:3:17.146] Starting updateGraphWorker: Project: /dev/null/inferredProject1*
Info 366  [15:3:17.159] Finishing updateGraphWorker: Project: /dev/null/inferredProject1* Version: 92 structureChanged: false Elapsed: 13ms
Info 367  [15:3:17.159] Different program with same set of files:: oldProgram.structureIsReused:: 2
Info 368  [15:3:17.180] getCompletionData: Get current token: 0
Info 369  [15:3:17.180] getCompletionData: Is inside comment: 0
Info 370  [15:3:17.180] getCompletionData: Get previous token 1: 0
Info 371  [15:3:17.180] getCompletionsAtPosition: isCompletionListBlocker: 0
Info 372  [15:3:17.190] getSymbolsFromOtherSourceFileExports: Using cached list
Info 373  [15:3:17.207] getCompletionData: Semantic work: 27
Info 374  [15:3:17.258] getCompletionsAtPosition: getCompletionEntriesFromSymbols: 31
Info 375  [15:3:17.269] Starting updateGraphWorker: Project: /dev/null/inferredProject1*
Info 376  [15:3:17.282] Finishing updateGraphWorker: Project: /dev/null/inferredProject1* Version: 93 structureChanged: false Elapsed: 13ms
Info 377  [15:3:17.282] Different program with same set of files:: oldProgram.structureIsReused:: 2
Info 378  [15:3:18.48] getCompletionData: Get current token: 0
Info 379  [15:3:18.48] getCompletionData: Is inside comment: 0
Info 380  [15:3:18.48] getCompletionData: Get previous token 1: 0
Info 381  [15:3:18.48] getCompletionData: Get previous token 2: 0
Info 382  [15:3:18.49] getCompletionsAtPosition: isCompletionListBlocker: 0
Info 383  [15:3:18.58] getSymbolsFromOtherSourceFileExports: Using cached list
Info 384  [15:3:18.73] getCompletionData: Semantic work: 24
Info 385  [15:3:18.113] getCompletionsAtPosition: getCompletionEntriesFromSymbols: 22
Info 386  [15:3:18.123] Starting updateGraphWorker: Project: /dev/null/inferredProject1*
Info 387  [15:3:18.144] Finishing updateGraphWorker: Project: /dev/null/inferredProject1* Version: 94 structureChanged: false Elapsed: 21ms
Info 388  [15:3:18.145] Different program with same set of files:: oldProgram.structureIsReused:: 2
Info 389  [15:3:18.147] Starting updateGraphWorker: Project: /dev/null/inferredProject1*
Info 390  [15:3:18.158] Finishing updateGraphWorker: Project: /dev/null/inferredProject1* Version: 95 structureChanged: false Elapsed: 11ms
Info 391  [15:3:18.158] Different program with same set of files:: oldProgram.structureIsReused:: 2
Info 392  [15:3:18.160] Starting updateGraphWorker: Project: /dev/null/inferredProject1*
Info 393  [15:3:18.171] Finishing updateGraphWorker: Project: /dev/null/inferredProject1* Version: 96 structureChanged: false Elapsed: 11ms
Info 394  [15:3:18.171] Different program with same set of files:: oldProgram.structureIsReused:: 2
Info 395  [15:3:19.104] getCompletionData: Get current token: 0
Info 396  [15:3:19.104] getCompletionData: Is inside comment: 0
Info 397  [15:3:19.104] getCompletionData: Get previous token 1: 0
Info 398  [15:3:19.104] getCompletionData: Get previous token 2: 0
Info 399  [15:3:19.105] getCompletionsAtPosition: isCompletionListBlocker: 0
Info 400  [15:3:19.115] getSymbolsFromOtherSourceFileExports: Using cached list
Info 401  [15:3:19.128] getCompletionData: Semantic work: 23
Info 402  [15:3:19.163] getCompletionsAtPosition: getCompletionEntriesFromSymbols: 13
Info 403  [15:3:19.170] Starting updateGraphWorker: Project: /dev/null/inferredProject1*
Info 404  [15:3:19.189] Finishing updateGraphWorker: Project: /dev/null/inferredProject1* Version: 97 structureChanged: false Elapsed: 19ms
Info 405  [15:3:19.190] Different program with same set of files:: oldProgram.structureIsReused:: 2
Info 406  [15:3:19.912] getCompletionData: Get current token: 0
Info 407  [15:3:19.912] getCompletionData: Is inside comment: 0
Info 408  [15:3:19.912] getCompletionData: Get previous token 1: 0
Info 409  [15:3:19.912] getCompletionData: Get previous token 2: 0
Info 410  [15:3:19.912] getCompletionsAtPosition: isCompletionListBlocker: 0
Info 411  [15:3:19.931] getSymbolsFromOtherSourceFileExports: Using cached list
Info 412  [15:3:19.938] getCompletionData: Semantic work: 26
Info 413  [15:3:19.964] getCompletionsAtPosition: getCompletionEntriesFromSymbols: 7
Info 414  [15:3:22.762] Starting updateGraphWorker: Project: /dev/null/inferredProject1*
Info 415  [15:3:22.777] Finishing updateGraphWorker: Project: /dev/null/inferredProject1* Version: 98 structureChanged: false Elapsed: 14ms
Info 416  [15:3:22.777] Different program with same set of files:: oldProgram.structureIsReused:: 2
Info 417  [15:3:22.778] getCompletionData: Get current token: 0
Info 418  [15:3:22.778] getCompletionData: Is inside comment: 0
Info 419  [15:3:22.778] getCompletionData: Get previous token 1: 0
Info 420  [15:3:22.778] getCompletionData: Get previous token 2: 0
Info 421  [15:3:22.778] getCompletionsAtPosition: isCompletionListBlocker: 0
Info 422  [15:3:22.785] getSymbolsFromOtherSourceFileExports: Recomputing list for details entry
Info 423  [15:3:22.792] forEachExternalModuleToImportFrom: filtered out 0 modules by package.json contents
Info 424  [15:3:22.792] getSymbolsFromOtherSourceFileExports: 7
Info 425  [15:3:22.797] getCompletionData: Semantic work: 19
Info 426  [15:3:22.877] Starting updateGraphWorker: Project: /dev/null/inferredProject1*
Info 427  [15:3:22.903] Finishing updateGraphWorker: Project: /dev/null/inferredProject1* Version: 99 structureChanged: false Elapsed: 26ms
Info 428  [15:3:22.903] Different program with same set of files:: oldProgram.structureIsReused:: 2
Info 429  [15:3:25.435] Starting updateGraphWorker: Project: /dev/null/inferredProject1*
Info 430  [15:3:25.460] Finishing updateGraphWorker: Project: /dev/null/inferredProject1* Version: 100 structureChanged: false Elapsed: 25ms
Info 431  [15:3:25.460] Different program with same set of files:: oldProgram.structureIsReused:: 2
Info 432  [15:3:26.399] Starting updateGraphWorker: Project: /dev/null/inferredProject1*
Info 433  [15:3:26.411] Finishing updateGraphWorker: Project: /dev/null/inferredProject1* Version: 101 structureChanged: false Elapsed: 12ms
Info 434  [15:3:26.411] Different program with same set of files:: oldProgram.structureIsReused:: 2
Info 435  [15:3:26.412] Starting updateGraphWorker: Project: /dev/null/inferredProject1*
Info 436  [15:3:26.429] Finishing updateGraphWorker: Project: /dev/null/inferredProject1* Version: 102 structureChanged: false Elapsed: 17ms
Info 437  [15:3:26.429] Different program with same set of files:: oldProgram.structureIsReused:: 2
Info 438  [15:3:26.617] Starting updateGraphWorker: Project: /dev/null/inferredProject1*
Info 439  [15:3:26.630] Finishing updateGraphWorker: Project: /dev/null/inferredProject1* Version: 103 structureChanged: false Elapsed: 13ms
Info 440  [15:3:26.631] Different program with same set of files:: oldProgram.structureIsReused:: 2
Info 441  [15:3:26.802] Starting updateGraphWorker: Project: /dev/null/inferredProject1*
Info 442  [15:3:26.816] Finishing updateGraphWorker: Project: /dev/null/inferredProject1* Version: 104 structureChanged: false Elapsed: 13ms
Info 443  [15:3:26.816] Different program with same set of files:: oldProgram.structureIsReused:: 2
Info 444  [15:3:26.960] Starting updateGraphWorker: Project: /dev/null/inferredProject1*
Info 445  [15:3:26.973] Finishing updateGraphWorker: Project: /dev/null/inferredProject1* Version: 105 structureChanged: false Elapsed: 13ms
Info 446  [15:3:26.973] Different program with same set of files:: oldProgram.structureIsReused:: 2
Info 447  [15:3:28.72] getCompletionData: Get current token: 0
Info 448  [15:3:28.72] getCompletionData: Is inside comment: 0
Info 449  [15:3:28.72] getCompletionData: Get previous token 1: 0
Info 450  [15:3:28.72] getCompletionData: Get previous token 2: 0
Info 451  [15:3:28.72] getCompletionsAtPosition: isCompletionListBlocker: 0
Info 452  [15:3:28.78] getSymbolsFromOtherSourceFileExports: Using cached list
Info 453  [15:3:28.83] getCompletionData: Semantic work: 11
Info 454  [15:3:28.110] getCompletionsAtPosition: getCompletionEntriesFromSymbols: 10
Info 455  [15:3:28.596] Starting updateGraphWorker: Project: /dev/null/inferredProject1*
Info 456  [15:3:28.612] Finishing updateGraphWorker: Project: /dev/null/inferredProject1* Version: 106 structureChanged: false Elapsed: 16ms
Info 457  [15:3:28.612] Different program with same set of files:: oldProgram.structureIsReused:: 2
Info 458  [15:3:28.612] getCompletionData: Get current token: 0
Info 459  [15:3:28.613] getCompletionData: Is inside comment: 1
Info 460  [15:3:28.613] getCompletionData: Get previous token 1: 0
Info 461  [15:3:28.613] getCompletionData: Get previous token 2: 0
Info 462  [15:3:28.613] getCompletionsAtPosition: isCompletionListBlocker: 0
Info 463  [15:3:28.621] getSymbolsFromOtherSourceFileExports: Using cached list
Info 464  [15:3:28.628] getCompletionData: Semantic work: 15
Info 465  [15:3:28.663] getCompletionsAtPosition: getCompletionEntriesFromSymbols: 13
Info 466  [15:3:30.652] Starting updateGraphWorker: Project: /dev/null/inferredProject1*
Info 467  [15:3:30.665] Finishing updateGraphWorker: Project: /dev/null/inferredProject1* Version: 107 structureChanged: false Elapsed: 13ms
Info 468  [15:3:30.666] Different program with same set of files:: oldProgram.structureIsReused:: 2
Info 469  [15:3:30.666] getCompletionData: Get current token: 0
Info 470  [15:3:30.666] getCompletionData: Is inside comment: 0
Info 471  [15:3:30.666] getCompletionData: Get previous token 1: 0
Info 472  [15:3:30.666] getCompletionData: Get previous token 2: 0
Info 473  [15:3:30.666] getCompletionsAtPosition: isCompletionListBlocker: 0
Info 474  [15:3:30.675] getSymbolsFromOtherSourceFileExports: Recomputing list for details entry
Info 475  [15:3:30.681] forEachExternalModuleToImportFrom: filtered out 0 modules by package.json contents
Info 476  [15:3:30.681] getSymbolsFromOtherSourceFileExports: 6
Info 477  [15:3:30.686] getCompletionData: Semantic work: 20
Info 478  [15:3:30.736] Starting updateGraphWorker: Project: /dev/null/inferredProject1*
Info 479  [15:3:30.754] Finishing updateGraphWorker: Project: /dev/null/inferredProject1* Version: 108 structureChanged: false Elapsed: 17ms
Info 480  [15:3:30.754] Different program with same set of files:: oldProgram.structureIsReused:: 2
Info 481  [15:3:33.576] Starting updateGraphWorker: Project: /dev/null/inferredProject1*
Info 482  [15:3:33.596] Finishing updateGraphWorker: Project: /dev/null/inferredProject1* Version: 109 structureChanged: false Elapsed: 20ms
Info 483  [15:3:33.596] Different program with same set of files:: oldProgram.structureIsReused:: 2
Info 484  [15:3:35.637] Starting updateGraphWorker: Project: /dev/null/inferredProject1*
Info 485  [15:3:35.655] Finishing updateGraphWorker: Project: /dev/null/inferredProject1* Version: 110 structureChanged: false Elapsed: 18ms
Info 486  [15:3:35.655] Different program with same set of files:: oldProgram.structureIsReused:: 2
Info 487  [15:3:36.962] Starting updateGraphWorker: Project: /dev/null/inferredProject1*
Info 488  [15:3:36.973] Finishing updateGraphWorker: Project: /dev/null/inferredProject1* Version: 111 structureChanged: false Elapsed: 11ms
Info 489  [15:3:36.974] Different program with same set of files:: oldProgram.structureIsReused:: 2
Info 490  [15:3:38.307] Starting updateGraphWorker: Project: /dev/null/inferredProject1*
Info 491  [15:3:38.324] Finishing updateGraphWorker: Project: /dev/null/inferredProject1* Version: 112 structureChanged: false Elapsed: 17ms
Info 492  [15:3:38.324] Different program with same set of files:: oldProgram.structureIsReused:: 2
Info 493  [15:3:39.614] Starting updateGraphWorker: Project: /dev/null/inferredProject1*
Info 494  [15:3:39.627] Finishing updateGraphWorker: Project: /dev/null/inferredProject1* Version: 113 structureChanged: false Elapsed: 13ms
Info 495  [15:3:39.627] Different program with same set of files:: oldProgram.structureIsReused:: 2
Info 496  [15:3:40.907] Starting updateGraphWorker: Project: /dev/null/inferredProject1*
Info 497  [15:3:40.918] Finishing updateGraphWorker: Project: /dev/null/inferredProject1* Version: 114 structureChanged: false Elapsed: 11ms
Info 498  [15:3:40.918] Different program with same set of files:: oldProgram.structureIsReused:: 2
Info 499  [15:3:42.268] getCompletionData: Get current token: 0
Info 500  [15:3:42.269] getCompletionData: Is inside comment: 1
Info 501  [15:3:42.269] getCompletionData: Get previous token 1: 0
Info 502  [15:3:42.269] getCompletionData: Get previous token 2: 0
Info 503  [15:3:42.269] getCompletionsAtPosition: isCompletionListBlocker: 0
Info 504  [15:3:42.269] getCompletionData: Semantic work: 0
Info 505  [15:3:42.270] getCompletionsAtPosition: getCompletionEntriesFromSymbols: 0
Info 506  [15:3:42.270] Starting updateGraphWorker: Project: /dev/null/inferredProject1*
Info 507  [15:3:42.284] Finishing updateGraphWorker: Project: /dev/null/inferredProject1* Version: 115 structureChanged: false Elapsed: 14ms
Info 508  [15:3:42.284] Different program with same set of files:: oldProgram.structureIsReused:: 2
Info 509  [15:3:43.531] Starting updateGraphWorker: Project: /dev/null/inferredProject1*
Info 510  [15:3:43.545] Finishing updateGraphWorker: Project: /dev/null/inferredProject1* Version: 116 structureChanged: false Elapsed: 14ms
Info 511  [15:3:43.546] Different program with same set of files:: oldProgram.structureIsReused:: 2
Info 512  [15:3:44.799] getCompletionData: Get current token: 0
Info 513  [15:3:44.799] getCompletionData: Is inside comment: 0
Info 514  [15:3:44.800] getCompletionData: Get previous token 1: 0
Info 515  [15:3:44.800] getCompletionData: Get previous token 2: 0
Info 516  [15:3:44.800] getCompletionsAtPosition: isCompletionListBlocker: 0
Info 517  [15:3:44.800] getCompletionData: Semantic work: 0
Info 518  [15:3:44.801] getCompletionsAtPosition: getCompletionEntriesFromSymbols: 0
Info 519  [15:3:44.802] Starting updateGraphWorker: Project: /dev/null/inferredProject1*
Info 520  [15:3:44.817] Finishing updateGraphWorker: Project: /dev/null/inferredProject1* Version: 117 structureChanged: false Elapsed: 15ms
Info 521  [15:3:44.818] Different program with same set of files:: oldProgram.structureIsReused:: 2
Info 522  [15:3:44.818] Starting updateGraphWorker: Project: /dev/null/inferredProject1*
Info 523  [15:3:44.839] Finishing updateGraphWorker: Project: /dev/null/inferredProject1* Version: 118 structureChanged: false Elapsed: 21ms
Info 524  [15:3:44.839] Different program with same set of files:: oldProgram.structureIsReused:: 2
Info 525  [15:3:44.839] Starting updateGraphWorker: Project: /dev/null/inferredProject1*
Info 526  [15:3:44.855] Finishing updateGraphWorker: Project: /dev/null/inferredProject1* Version: 119 structureChanged: false Elapsed: 16ms
Info 527  [15:3:44.855] Different program with same set of files:: oldProgram.structureIsReused:: 2
Info 528  [15:3:46.83] Starting updateGraphWorker: Project: /dev/null/inferredProject1*
Info 529  [15:3:46.97] Finishing updateGraphWorker: Project: /dev/null/inferredProject1* Version: 120 structureChanged: false Elapsed: 14ms
Info 530  [15:3:46.97] Different program with same set of files:: oldProgram.structureIsReused:: 2
Info 531  [15:3:46.98] Starting updateGraphWorker: Project: /dev/null/inferredProject1*
Info 532  [15:3:46.111] Finishing updateGraphWorker: Project: /dev/null/inferredProject1* Version: 121 structureChanged: false Elapsed: 13ms
Info 533  [15:3:46.111] Different program with same set of files:: oldProgram.structureIsReused:: 2
Info 534  [15:3:46.112] getCompletionData: Get current token: 0
Info 535  [15:3:46.112] getCompletionData: Is inside comment: 0
Info 536  [15:3:46.113] getCompletionData: Get previous token 1: 1
Info 537  [15:3:46.113] getCompletionsAtPosition: isCompletionListBlocker: 0
Info 538  [15:3:47.334] getCompletionData: Semantic work: 1221
Info 539  [15:3:47.337] getCompletionsAtPosition: getCompletionEntriesFromSymbols: 3
Info 540  [15:3:47.338] Starting updateGraphWorker: Project: /dev/null/inferredProject1*
Info 541  [15:3:47.356] Finishing updateGraphWorker: Project: /dev/null/inferredProject1* Version: 122 structureChanged: false Elapsed: 18ms
Info 542  [15:3:47.357] Different program with same set of files:: oldProgram.structureIsReused:: 2
Info 543  [15:3:47.357] Starting updateGraphWorker: Project: /dev/null/inferredProject1*
Info 544  [15:3:47.379] Finishing updateGraphWorker: Project: /dev/null/inferredProject1* Version: 123 structureChanged: false Elapsed: 22ms
Info 545  [15:3:47.380] Different program with same set of files:: oldProgram.structureIsReused:: 2
Info 546  [15:3:48.622] Starting updateGraphWorker: Project: /dev/null/inferredProject1*
Info 547  [15:3:48.633] Finishing updateGraphWorker: Project: /dev/null/inferredProject1* Version: 124 structureChanged: false Elapsed: 11ms
Info 548  [15:3:48.633] Different program with same set of files:: oldProgram.structureIsReused:: 2
Info 549  [15:3:49.865] Starting updateGraphWorker: Project: /dev/null/inferredProject1*
Info 550  [15:3:49.881] Finishing updateGraphWorker: Project: /dev/null/inferredProject1* Version: 125 structureChanged: false Elapsed: 16ms
Info 551  [15:3:49.881] Different program with same set of files:: oldProgram.structureIsReused:: 2
Info 552  [15:3:51.143] Starting updateGraphWorker: Project: /dev/null/inferredProject1*
Info 553  [15:3:51.155] Finishing updateGraphWorker: Project: /dev/null/inferredProject1* Version: 126 structureChanged: false Elapsed: 12ms
Info 554  [15:3:51.155] Different program with same set of files:: oldProgram.structureIsReused:: 2
Info 555  [15:3:52.399] Starting updateGraphWorker: Project: /dev/null/inferredProject1*
Info 556  [15:3:52.417] Finishing updateGraphWorker: Project: /dev/null/inferredProject1* Version: 127 structureChanged: false Elapsed: 18ms
Info 557  [15:3:52.417] Different program with same set of files:: oldProgram.structureIsReused:: 2
Info 558  [15:3:53.673] getCompletionData: Get current token: 0
Info 559  [15:3:53.673] getCompletionData: Is inside comment: 0
Info 560  [15:3:53.673] getCompletionData: Get previous token 1: 0
Info 561  [15:3:53.673] getCompletionData: Get previous token 2: 0
Info 562  [15:3:53.673] getCompletionsAtPosition: isCompletionListBlocker: 0
Info 563  [15:3:53.673] getCompletionData: Semantic work: 0
Info 564  [15:3:53.674] getCompletionsAtPosition: getCompletionEntriesFromSymbols: 0
Info 565  [15:3:53.674] Starting updateGraphWorker: Project: /dev/null/inferredProject1*
Info 566  [15:3:53.686] Finishing updateGraphWorker: Project: /dev/null/inferredProject1* Version: 128 structureChanged: false Elapsed: 12ms
Info 567  [15:3:53.686] Different program with same set of files:: oldProgram.structureIsReused:: 2
Info 568  [15:3:53.687] Starting updateGraphWorker: Project: /dev/null/inferredProject1*
Info 569  [15:3:53.698] Finishing updateGraphWorker: Project: /dev/null/inferredProject1* Version: 129 structureChanged: false Elapsed: 11ms
Info 570  [15:3:53.698] Different program with same set of files:: oldProgram.structureIsReused:: 2
Info 571  [15:3:53.699] Starting updateGraphWorker: Project: /dev/null/inferredProject1*
Info 572  [15:3:53.715] Finishing updateGraphWorker: Project: /dev/null/inferredProject1* Version: 130 structureChanged: false Elapsed: 16ms
Info 573  [15:3:53.715] Different program with same set of files:: oldProgram.structureIsReused:: 2
Info 574  [15:3:53.716] Starting updateGraphWorker: Project: /dev/null/inferredProject1*
Info 575  [15:3:53.726] Finishing updateGraphWorker: Project: /dev/null/inferredProject1* Version: 131 structureChanged: false Elapsed: 10ms
Info 576  [15:3:53.726] Different program with same set of files:: oldProgram.structureIsReused:: 2
Info 577  [15:3:53.727] Starting updateGraphWorker: Project: /dev/null/inferredProject1*
Info 578  [15:3:53.737] Finishing updateGraphWorker: Project: /dev/null/inferredProject1* Version: 132 structureChanged: false Elapsed: 10ms
Info 579  [15:3:53.738] Different program with same set of files:: oldProgram.structureIsReused:: 2
Info 580  [15:3:53.738] Starting updateGraphWorker: Project: /dev/null/inferredProject1*
Info 581  [15:3:53.748] Finishing updateGraphWorker: Project: /dev/null/inferredProject1* Version: 133 structureChanged: false Elapsed: 10ms
Info 582  [15:3:53.749] Different program with same set of files:: oldProgram.structureIsReused:: 2
Info 583  [15:3:53.749] Starting updateGraphWorker: Project: /dev/null/inferredProject1*
Info 584  [15:3:53.759] Finishing updateGraphWorker: Project: /dev/null/inferredProject1* Version: 134 structureChanged: false Elapsed: 10ms
Info 585  [15:3:53.759] Different program with same set of files:: oldProgram.structureIsReused:: 2
Info 586  [15:3:53.760] Starting updateGraphWorker: Project: /dev/null/inferredProject1*
Info 587  [15:3:53.777] Finishing updateGraphWorker: Project: /dev/null/inferredProject1* Version: 135 structureChanged: false Elapsed: 17ms
Info 588  [15:3:53.777] Different program with same set of files:: oldProgram.structureIsReused:: 2
Info 589  [15:3:53.777] Starting updateGraphWorker: Project: /dev/null/inferredProject1*
Info 590  [15:3:53.788] Finishing updateGraphWorker: Project: /dev/null/inferredProject1* Version: 136 structureChanged: false Elapsed: 11ms
Info 591  [15:3:53.788] Different program with same set of files:: oldProgram.structureIsReused:: 2
Info 592  [15:3:53.789] Starting updateGraphWorker: Project: /dev/null/inferredProject1*
Info 593  [15:3:53.799] Finishing updateGraphWorker: Project: /dev/null/inferredProject1* Version: 137 structureChanged: false Elapsed: 10ms
Info 594  [15:3:53.799] Different program with same set of files:: oldProgram.structureIsReused:: 2
Info 595  [15:3:53.799] Starting updateGraphWorker: Project: /dev/null/inferredProject1*
Info 596  [15:3:53.810] Finishing updateGraphWorker: Project: /dev/null/inferredProject1* Version: 138 structureChanged: false Elapsed: 11ms
Info 597  [15:3:53.810] Different program with same set of files:: oldProgram.structureIsReused:: 2
Info 598  [15:3:53.812] Starting updateGraphWorker: Project: /dev/null/inferredProject1*
Info 599  [15:3:53.833] Finishing updateGraphWorker: Project: /dev/null/inferredProject1* Version: 139 structureChanged: false Elapsed: 21ms
Info 600  [15:3:53.833] Different program with same set of files:: oldProgram.structureIsReused:: 2
Info 601  [15:3:53.834] Starting updateGraphWorker: Project: /dev/null/inferredProject1*
Info 602  [15:3:53.846] Finishing updateGraphWorker: Project: /dev/null/inferredProject1* Version: 140 structureChanged: false Elapsed: 12ms
Info 603  [15:3:53.846] Different program with same set of files:: oldProgram.structureIsReused:: 2
Info 604  [15:3:53.847] Starting updateGraphWorker: Project: /dev/null/inferredProject1*
Info 605  [15:3:53.857] Finishing updateGraphWorker: Project: /dev/null/inferredProject1* Version: 141 structureChanged: false Elapsed: 10ms
Info 606  [15:3:53.858] Different program with same set of files:: oldProgram.structureIsReused:: 2
Info 607  [15:3:53.858] Starting updateGraphWorker: Project: /dev/null/inferredProject1*
Info 608  [15:3:53.869] Finishing updateGraphWorker: Project: /dev/null/inferredProject1* Version: 142 structureChanged: false Elapsed: 11ms
Info 609  [15:3:53.869] Different program with same set of files:: oldProgram.structureIsReused:: 2
Info 610  [15:3:53.869] Starting updateGraphWorker: Project: /dev/null/inferredProject1*
Info 611  [15:3:53.881] Finishing updateGraphWorker: Project: /dev/null/inferredProject1* Version: 143 structureChanged: false Elapsed: 12ms
Info 612  [15:3:53.881] Different program with same set of files:: oldProgram.structureIsReused:: 2
Info 613  [15:3:53.881] Starting updateGraphWorker: Project: /dev/null/inferredProject1*
Info 614  [15:3:53.901] Finishing updateGraphWorker: Project: /dev/null/inferredProject1* Version: 144 structureChanged: false Elapsed: 19ms
Info 615  [15:3:53.901] Different program with same set of files:: oldProgram.structureIsReused:: 2
Info 616  [15:3:53.901] Starting updateGraphWorker: Project: /dev/null/inferredProject1*
Info 617  [15:3:53.912] Finishing updateGraphWorker: Project: /dev/null/inferredProject1* Version: 145 structureChanged: false Elapsed: 11ms
Info 618  [15:3:53.912] Different program with same set of files:: oldProgram.structureIsReused:: 2
Info 619  [15:3:53.912] Starting updateGraphWorker: Project: /dev/null/inferredProject1*
Info 620  [15:3:53.923] Finishing updateGraphWorker: Project: /dev/null/inferredProject1* Version: 146 structureChanged: false Elapsed: 11ms
Info 621  [15:3:53.923] Different program with same set of files:: oldProgram.structureIsReused:: 2
Info 622  [15:3:53.924] getCompletionData: Get current token: 0
Info 623  [15:3:53.924] getCompletionData: Is inside comment: 0
Info 624  [15:3:53.924] getCompletionData: Get previous token 1: 0
Info 625  [15:3:53.924] getCompletionsAtPosition: isCompletionListBlocker: 0
Info 626  [15:3:53.924] Returning an empty list because completion was requested in an invalid position.
Info 627  [15:3:53.925] Starting updateGraphWorker: Project: /dev/null/inferredProject1*
Info 628  [15:3:53.936] Finishing updateGraphWorker: Project: /dev/null/inferredProject1* Version: 147 structureChanged: false Elapsed: 11ms
Info 629  [15:3:53.936] Different program with same set of files:: oldProgram.structureIsReused:: 2
Info 630  [15:3:53.936] Starting updateGraphWorker: Project: /dev/null/inferredProject1*
Info 631  [15:3:53.954] Finishing updateGraphWorker: Project: /dev/null/inferredProject1* Version: 148 structureChanged: false Elapsed: 18ms
Info 632  [15:3:53.954] Different program with same set of files:: oldProgram.structureIsReused:: 2
Info 633  [15:3:53.955] getCompletionData: Get current token: 0
Info 634  [15:3:53.955] getCompletionData: Is inside comment: 0
Info 635  [15:3:53.955] getCompletionData: Get previous token 1: 0
Info 636  [15:3:53.955] getCompletionsAtPosition: isCompletionListBlocker: 0
Info 637  [15:3:53.959] getCompletionData: Semantic work: 4
Info 638  [15:3:55.975] Starting updateGraphWorker: Project: /dev/null/inferredProject1*
Info 639  [15:3:55.992] Finishing updateGraphWorker: Project: /dev/null/inferredProject1* Version: 149 structureChanged: false Elapsed: 17ms
Info 640  [15:3:55.992] Different program with same set of files:: oldProgram.structureIsReused:: 2
Info 641  [15:3:55.993] getCompletionData: Get current token: 0
Info 642  [15:3:55.993] getCompletionData: Is inside comment: 0
Info 643  [15:3:55.993] getCompletionData: Get previous token 1: 0
Info 644  [15:3:55.993] getCompletionsAtPosition: isCompletionListBlocker: 0
Info 645  [15:3:55.996] getCompletionData: Semantic work: 3
Info 646  [15:3:57.954] Starting updateGraphWorker: Project: /dev/null/inferredProject1*
Info 647  [15:3:57.967] Finishing updateGraphWorker: Project: /dev/null/inferredProject1* Version: 150 structureChanged: false Elapsed: 13ms
Info 648  [15:3:57.967] Different program with same set of files:: oldProgram.structureIsReused:: 2
Info 649  [15:3:57.968] Starting updateGraphWorker: Project: /dev/null/inferredProject1*
Info 650  [15:3:57.985] Finishing updateGraphWorker: Project: /dev/null/inferredProject1* Version: 151 structureChanged: false Elapsed: 17ms
Info 651  [15:3:57.985] Different program with same set of files:: oldProgram.structureIsReused:: 2
Info 652  [15:3:57.988] Starting updateGraphWorker: Project: /dev/null/inferredProject1*
Info 653  [15:3:58.1] Finishing updateGraphWorker: Project: /dev/null/inferredProject1* Version: 152 structureChanged: false Elapsed: 13ms
Info 654  [15:3:58.1] Different program with same set of files:: oldProgram.structureIsReused:: 2
Info 655  [15:4:0.138] getCompletionData: Get current token: 0
Info 656  [15:4:0.138] getCompletionData: Is inside comment: 0
Info 657  [15:4:0.138] getCompletionData: Get previous token 1: 0
Info 658  [15:4:0.138] getCompletionsAtPosition: isCompletionListBlocker: 0
Info 659  [15:4:0.141] getCompletionData: Semantic work: 3
Info 660  [15:4:0.150] DirectoryWatcher:: Triggered with /emacsDocuments/carfront/src/#App.js# :: WatchInfo: /emacsDocuments/carfront/src 0 Project: /dev/null/inferredProject1* WatchType: Failed Lookup Locations
Info 661  [15:4:0.151] Elapsed:: 1ms DirectoryWatcher:: Triggered with /emacsDocuments/carfront/src/#App.js# :: WatchInfo: /emacsDocuments/carfront/src 0 Project: /dev/null/inferredProject1* WatchType: Failed Lookup Locations
Info 662  [15:4:0.457] Starting updateGraphWorker: Project: /dev/null/inferredProject1*
Info 663  [15:4:0.470] Finishing updateGraphWorker: Project: /dev/null/inferredProject1* Version: 153 structureChanged: false Elapsed: 12ms
Info 664  [15:4:0.470] Different program with same set of files:: oldProgram.structureIsReused:: 2
Info 665  [15:4:0.470] getCompletionData: Get current token: 0
Info 666  [15:4:0.470] getCompletionData: Is inside comment: 0
Info 667  [15:4:0.470] getCompletionData: Get previous token 1: 0
Info 668  [15:4:0.470] getCompletionData: Get previous token 2: 0
Info 669  [15:4:0.471] getCompletionsAtPosition: isCompletionListBlocker: 0
Info 670  [15:4:0.475] getCompletionData: Semantic work: 4
Info 671  [15:4:2.609] Starting updateGraphWorker: Project: /dev/null/inferredProject1*
Info 672  [15:4:2.620] Finishing updateGraphWorker: Project: /dev/null/inferredProject1* Version: 154 structureChanged: false Elapsed: 11ms
Info 673  [15:4:2.621] Different program with same set of files:: oldProgram.structureIsReused:: 2
Info 674  [15:4:2.621] getCompletionData: Get current token: 0
Info 675  [15:4:2.621] getCompletionData: Is inside comment: 0
Info 676  [15:4:2.621] getCompletionData: Get previous token 1: 0
Info 677  [15:4:2.621] getCompletionData: Get previous token 2: 0
Info 678  [15:4:2.621] getCompletionsAtPosition: isCompletionListBlocker: 0
Info 679  [15:4:2.624] getCompletionData: Semantic work: 3
Info 680  [15:4:4.654] Starting updateGraphWorker: Project: /dev/null/inferredProject1*
Info 681  [15:4:4.671] Finishing updateGraphWorker: Project: /dev/null/inferredProject1* Version: 155 structureChanged: false Elapsed: 17ms
Info 682  [15:4:4.671] Different program with same set of files:: oldProgram.structureIsReused:: 2
Info 683  [15:4:4.672] Starting updateGraphWorker: Project: /dev/null/inferredProject1*
Info 684  [15:4:4.687] Finishing updateGraphWorker: Project: /dev/null/inferredProject1* Version: 156 structureChanged: false Elapsed: 15ms
Info 685  [15:4:4.687] Different program with same set of files:: oldProgram.structureIsReused:: 2
Info 686  [15:4:4.689] Starting updateGraphWorker: Project: /dev/null/inferredProject1*
Info 687  [15:4:4.702] Finishing updateGraphWorker: Project: /dev/null/inferredProject1* Version: 157 structureChanged: false Elapsed: 13ms
Info 688  [15:4:4.702] Different program with same set of files:: oldProgram.structureIsReused:: 2
Info 689  [15:4:6.795] getCompletionData: Get current token: 0
Info 690  [15:4:6.795] getCompletionData: Is inside comment: 0
Info 691  [15:4:6.795] getCompletionData: Get previous token 1: 0
Info 692  [15:4:6.795] getCompletionsAtPosition: isCompletionListBlocker: 0
Info 693  [15:4:6.799] getCompletionData: Semantic work: 4
Info 694  [15:4:8.196] Starting updateGraphWorker: Project: /dev/null/inferredProject1*
Info 695  [15:4:8.218] Finishing updateGraphWorker: Project: /dev/null/inferredProject1* Version: 158 structureChanged: false Elapsed: 22ms
Info 696  [15:4:8.219] Different program with same set of files:: oldProgram.structureIsReused:: 2
Info 697  [15:4:8.219] getCompletionData: Get current token: 0
Info 698  [15:4:8.219] getCompletionData: Is inside comment: 0
Info 699  [15:4:8.219] getCompletionData: Get previous token 1: 0
Info 700  [15:4:8.219] getCompletionsAtPosition: isCompletionListBlocker: 0
Info 701  [15:4:8.226] getCompletionData: Semantic work: 7
Info 702  [15:4:10.309] DirectoryWatcher:: Triggered with /emacsDocuments/carfront/src/.#App.js :: WatchInfo: /emacsDocuments/carfront/src 0 Project: /dev/null/inferredProject1* WatchType: Failed Lookup Locations
Info 703  [15:4:10.309] Elapsed:: 0ms DirectoryWatcher:: Triggered with /emacsDocuments/carfront/src/.#App.js :: WatchInfo: /emacsDocuments/carfront/src 0 Project: /dev/null/inferredProject1* WatchType: Failed Lookup Locations
Info 704  [15:4:10.309] DirectoryWatcher:: Triggered with /emacsDocuments/carfront/src/#App.js# :: WatchInfo: /emacsDocuments/carfront/src 0 Project: /dev/null/inferredProject1* WatchType: Failed Lookup Locations
Info 705  [15:4:10.309] Elapsed:: 0ms DirectoryWatcher:: Triggered with /emacsDocuments/carfront/src/#App.js# :: WatchInfo: /emacsDocuments/carfront/src 0 Project: /dev/null/inferredProject1* WatchType: Failed Lookup Locations
