[10:14:26.926] Global cache location '/home/docker/.cache/typescript/3.7', safe file path '/usr/lib/node_modules/typescript/lib/typingSafeList.json', types map path /usr/lib/node_modules/typescript/lib/typesMap.json
[10:14:26.927] Processing cache location '/home/docker/.cache/typescript/3.7'
[10:14:26.927] Trying to find '/home/docker/.cache/typescript/3.7/package.json'...
[10:14:26.928] Loaded content of '/home/docker/.cache/typescript/3.7/package.json': {"private":true,"dependencies":{"types-registry":"^0.1.473"},"devDependencies":{"@types/async":"^3.0.3","@types/atob":"^2.1.2","@types/classnames":"^2.2.9","@types/inherits":"0.0.30","@types/object-hash":"^1.3.0","@types/object-path":"^0.11.0","@types/react":"^16.9.17","@types/react-dom":"^16.9.4","@types/react-table":"^7.0.3","@types/sprintf":"^0.1.0","@types/testing-library__react":"^9.1.2","@types/testing-library__user-event":"^4.1.1"}}
[10:14:26.928] Loaded content of '/home/docker/.cache/typescript/3.7/package-lock.json'
[10:14:26.943] Adding entry into typings cache: 'async' => '/home/docker/.cache/typescript/3.7/node_modules/@types/async/index.d.ts'
[10:14:26.947] Adding entry into typings cache: 'atob' => '/home/docker/.cache/typescript/3.7/node_modules/@types/atob/index.d.ts'
[10:14:26.954] Adding entry into typings cache: 'classnames' => '/home/docker/.cache/typescript/3.7/node_modules/@types/classnames/index.d.ts'
[10:14:26.958] Adding entry into typings cache: 'inherits' => '/home/docker/.cache/typescript/3.7/node_modules/@types/inherits/index.d.ts'
[10:14:26.965] Adding entry into typings cache: 'object-hash' => '/home/docker/.cache/typescript/3.7/node_modules/@types/object-hash/index.d.ts'
[10:14:26.969] Adding entry into typings cache: 'object-path' => '/home/docker/.cache/typescript/3.7/node_modules/@types/object-path/index.d.ts'
[10:14:26.978] Adding entry into typings cache: 'react' => '/home/docker/.cache/typescript/3.7/node_modules/@types/react/index.d.ts'
[10:14:26.983] Adding entry into typings cache: 'react-dom' => '/home/docker/.cache/typescript/3.7/node_modules/@types/react-dom/index.d.ts'
[10:14:26.988] Adding entry into typings cache: 'react-table' => '/home/docker/.cache/typescript/3.7/node_modules/@types/react-table/index.d.ts'
[10:14:26.990] Adding entry into typings cache: 'sprintf' => '/home/docker/.cache/typescript/3.7/node_modules/@types/sprintf/index.d.ts'
[10:14:26.994] Adding entry into typings cache: 'testing-library__react' => '/home/docker/.cache/typescript/3.7/node_modules/@types/testing-library__react/index.d.ts'
[10:14:26.996] Adding entry into typings cache: 'testing-library__user-event' => '/home/docker/.cache/typescript/3.7/node_modules/@types/testing-library__user-event/index.d.ts'
[10:14:26.996] Finished processing cache location '/home/docker/.cache/typescript/3.7'
[10:14:26.997] Process id: 1921
[10:14:26.997] NPM location: /usr/bin/npm (explicit '--npmLocation' not  provided)
[10:14:26.997] validateDefaultNpmLocation: false
[10:14:26.997] Npm config file: /home/docker/.cache/typescript/3.7/package.json
[10:14:26.997] Updating types-registry npm package...
[10:14:26.997] Exec: /usr/bin/npm install --ignore-scripts types-registry@latest
[10:14:28.406]     Succeeded. stdout:
    + types-registry@0.1.473
    updated 1 package and audited 42 packages in 0.765s
found 0 vulnerabilities


[10:14:28.406] Updated types-registry npm package
[10:14:30.813] Got install request {"projectName":"/dev/null/inferredProject1*","fileNames":["/usr/lib/node_modules/typescript/lib/lib.d.ts","/usr/lib/node_modules/typescript/lib/lib.es5.d.ts","/usr/lib/node_modules/typescript/lib/lib.dom.d.ts","/usr/lib/node_modules/typescript/lib/lib.webworker.importscripts.d.ts","/usr/lib/node_modules/typescript/lib/lib.scripthost.d.ts","/emacsDocuments/shoppinglist/src/App.js"],"compilerOptions":{"target":1,"jsx":1,"allowNonTsExtensions":true,"allowJs":true,"noEmitForJsFiles":true,"maxNodeModuleJsDepth":2},"typeAcquisition":{"enable":true,"include":[],"exclude":[]},"unresolvedImports":[],"projectRootPath":"/emacsDocuments/shoppinglist/src","kind":"discover"}
[10:14:30.849] Loaded safelist from types map file '/usr/lib/node_modules/typescript/lib/typesMap.json'
[10:14:30.850] Explicitly included types: []
[10:14:30.851] Inferred typings from unresolved imports: []
[10:14:30.851] Result: {"cachedTypingPaths":[],"newTypingNames":[],"filesToWatch":["/emacsDocuments/shoppinglist/src/bower_components","/emacsDocuments/shoppinglist/src/node_modules"]}
[10:14:30.851] Finished typings discovery: {"cachedTypingPaths":[],"newTypingNames":[],"filesToWatch":["/emacsDocuments/shoppinglist/src/bower_components","/emacsDocuments/shoppinglist/src/node_modules"]}
[10:14:30.852] DirectoryWatcher:: Added:: WatchInfo: /emacsDocuments/shoppinglist/src/bower_components
[10:14:30.855] DirectoryWatcher:: Added:: WatchInfo: /emacsDocuments/shoppinglist/src/node_modules
[10:14:30.856] Sending response:
    {"projectName":"/dev/null/inferredProject1*","typeAcquisition":{"enable":true,"include":[],"exclude":[]},"compilerOptions":{"target":1,"jsx":1,"allowNonTsExtensions":true,"allowJs":true,"noEmitForJsFiles":true,"maxNodeModuleJsDepth":2},"typings":[],"unresolvedImports":[],"kind":"action::set"}
[10:14:30.856] Response has been sent.
[10:14:30.857] No new typings were requested as a result of typings discovery
